Log file open, 07/15/22 23:43:42
LogWindows: Failed to load 'aqProf.dll' (GetLastError=126)
LogWindows: File 'aqProf.dll' does not exist
LogWindows: Failed to load 'VtuneApi.dll' (GetLastError=126)
LogWindows: File 'VtuneApi.dll' does not exist
LogWindows: Failed to load 'VtuneApi32e.dll' (GetLastError=126)
LogWindows: File 'VtuneApi32e.dll' does not exist
LogConsoleResponse: Display: Failed to find resolution value strings in scalability ini. Falling back to default.
LogConsoleResponse: Display: Failed to find resolution value strings in scalability ini. Falling back to default.
LogInit: Display: Running engine for game: GMTK_Gamejam_2022
LogPlatformFile: Not using cached read wrapper
LogTaskGraph: Started task graph with 5 named threads and 59 total threads with 3 sets of task threads.
LogStats: Stats thread started at 0.260400
LogICUInternationalization: ICU TimeZone Detection - Raw Offset: -5:00, Platform Override: ''
LogInit: Display: Loading text-based GConfig....
LogPluginManager: Mounting plugin MeshPainting
LogPluginManager: Mounting plugin XGEController
LogPluginManager: Mounting plugin Paper2D
LogPluginManager: Mounting plugin AISupport
LogPluginManager: Mounting plugin EnvironmentQueryEditor
LogPluginManager: Mounting plugin LightPropagationVolume
LogPluginManager: Mounting plugin LiveLink
LogPluginManager: Mounting plugin AssetManagerEditor
LogPluginManager: Mounting plugin CryptoKeys
LogPluginManager: Mounting plugin CurveEditorTools
LogPluginManager: Mounting plugin DataValidation
LogPluginManager: Mounting plugin FacialAnimation
LogPluginManager: Mounting plugin GameplayTagsEditor
LogPluginManager: Mounting plugin GeometryMode
LogPluginManager: Mounting plugin MacGraphicsSwitching
LogPluginManager: Mounting plugin MaterialAnalyzer
LogPluginManager: Mounting plugin MobileLauncherProfileWizard
LogPluginManager: Mounting plugin PluginBrowser
LogPluginManager: Mounting plugin SpeedTreeImporter
LogPluginManager: Mounting plugin AnimationSharing
LogPluginManager: Mounting plugin CLionSourceCodeAccess
LogPluginManager: Mounting plugin AlembicImporter
LogPluginManager: Mounting plugin AutomationUtils
LogPluginManager: Mounting plugin BackChannel
LogPluginManager: Mounting plugin ChaosCloth
LogPluginManager: Mounting plugin ChaosClothEditor
LogPluginManager: Mounting plugin ChaosEditor
LogPluginManager: Mounting plugin ChaosNiagara
LogPluginManager: Mounting plugin ChaosSolverPlugin
LogPluginManager: Mounting plugin CharacterAI
LogPluginManager: Mounting plugin CodeLiteSourceCodeAccess
LogPluginManager: Mounting plugin GitSourceControl
LogPluginManager: Mounting plugin KDevelopSourceCodeAccess
LogPluginManager: Mounting plugin NullSourceCodeAccess
LogPluginManager: Mounting plugin PerforceSourceControl
LogPluginManager: Mounting plugin PixWinPlugin
LogPluginManager: Mounting plugin PlasticSourceControl
LogPluginManager: Mounting plugin PluginUtils
LogPluginManager: Mounting plugin PropertyAccessNode
LogPluginManager: Mounting plugin RiderSourceCodeAccess
LogPluginManager: Mounting plugin SubversionSourceControl
LogPluginManager: Mounting plugin TextureFormatOodle
LogPluginManager: Mounting plugin UObjectPlugin
LogPluginManager: Mounting plugin VisualStudioCodeSourceCodeAccess
LogPluginManager: Mounting plugin VisualStudioSourceCodeAccess
LogPluginManager: Mounting plugin XCodeSourceCodeAccess
LogPluginManager: Mounting plugin GeometryCache
LogPluginManager: Mounting plugin GeometryCollectionPlugin
LogPluginManager: Mounting plugin GeometryProcessing
LogPluginManager: Mounting plugin DatasmithContent
LogPluginManager: Mounting plugin MotoSynth
LogPluginManager: Mounting plugin OpenImageDenoise
LogPluginManager: Mounting plugin PlanarCut
LogPluginManager: Mounting plugin PlatformCrypto
LogPluginManager: Mounting plugin ProxyLODPlugin
LogPluginManager: Mounting plugin PythonScriptPlugin
LogPluginManager: Mounting plugin VariantManagerContent
LogPluginManager: Mounting plugin SkeletalReduction
LogPluginManager: Mounting plugin LuminPlatformFeatures
LogPluginManager: Mounting plugin MagicLeap
LogPluginManager: Mounting plugin MagicLeapLightEstimation
LogPluginManager: Mounting plugin MagicLeapMedia
LogPluginManager: Mounting plugin MagicLeapPassableWorld
LogPluginManager: Mounting plugin MLSDK
LogPluginManager: Mounting plugin Niagara
LogPluginManager: Mounting plugin AndroidMedia
LogPluginManager: Mounting plugin AvfMedia
LogPluginManager: Mounting plugin ImgMedia
LogPluginManager: Mounting plugin MediaCompositing
LogPluginManager: Mounting plugin MediaPlayerEditor
LogPluginManager: Mounting plugin WebMMedia
LogPluginManager: Mounting plugin WmfMedia
LogPluginManager: Mounting plugin TcpMessaging
LogPluginManager: Mounting plugin UdpMessaging
LogPluginManager: Mounting plugin ActorSequence
LogPluginManager: Mounting plugin LevelSequenceEditor
LogPluginManager: Mounting plugin MatineeToLevelSequence
LogPluginManager: Mounting plugin TemplateSequence
LogPluginManager: Mounting plugin OnlineSubsystem
LogPluginManager: Mounting plugin OnlineSubsystemNull
LogPluginManager: Mounting plugin OnlineSubsystemUtils
LogPluginManager: Mounting plugin LauncherChunkInstaller
LogPluginManager: Mounting plugin ActorLayerUtilities
LogPluginManager: Mounting plugin AndroidDeviceProfileSelector
LogPluginManager: Mounting plugin AndroidMoviePlayer
LogPluginManager: Mounting plugin AndroidPermission
LogPluginManager: Mounting plugin AppleImageUtils
LogPluginManager: Mounting plugin AppleMoviePlayer
LogPluginManager: Mounting plugin ArchVisCharacter
LogPluginManager: Mounting plugin AssetTags
LogPluginManager: Mounting plugin AudioCapture
LogPluginManager: Mounting plugin AudioSynesthesia
LogPluginManager: Mounting plugin CableComponent
LogPluginManager: Mounting plugin ChunkDownloader
LogPluginManager: Mounting plugin CustomMeshComponent
LogPluginManager: Mounting plugin EditableMesh
LogPluginManager: Mounting plugin ExampleDeviceProfileSelector
LogPluginManager: Mounting plugin GoogleCloudMessaging
LogPluginManager: Mounting plugin GooglePAD
LogPluginManager: Mounting plugin IOSDeviceProfileSelector
LogPluginManager: Mounting plugin LinuxDeviceProfileSelector
LogPluginManager: Mounting plugin LocationServicesBPLibrary
LogPluginManager: Mounting plugin MobilePatchingUtils
LogPluginManager: Mounting plugin OpenXR
LogPluginManager: Mounting plugin OpenXREyeTracker
LogPluginManager: Mounting plugin OpenXRHandTracking
LogPluginManager: Mounting plugin PhysXVehicles
LogPluginManager: Mounting plugin ScreenshotTools
LogPluginManager: Mounting plugin PostSplashScreen
LogPluginManager: Mounting plugin ProceduralMeshComponent
LogPluginManager: Mounting plugin PropertyAccessEditor
LogPluginManager: Mounting plugin RuntimePhysXCooking
LogPluginManager: Mounting plugin SignificanceManager
LogPluginManager: Mounting plugin SoundFields
LogPluginManager: Mounting plugin Synthesis
LogPluginManager: Mounting plugin WebMMoviePlayer
LogPluginManager: Mounting plugin WindowsMoviePlayer
LogPluginManager: Mounting plugin Takes
LogPluginManager: Mounting plugin CameraShakePreviewer
LogPluginManager: Mounting plugin OodleData
LogPluginManager: Mounting plugin OodleNetwork
LogPluginManager: Mounting plugin GameplayCameras
LogPluginManager: Mounting plugin ContentBrowserAssetDataSource
LogPluginManager: Mounting plugin ContentBrowserClassDataSource
LogPluginManager: Mounting plugin ContentBrowserFileDataSource
LogPluginManager: Mounting plugin OnlineSubsystemGooglePlay
LogPluginManager: Mounting plugin OnlineSubsystemIOS
LogPluginManager: Mounting plugin OculusVR
LogPluginManager: Mounting plugin SteamVR
PixWinPlugin: PIX capture plugin failed to initialize! Check that the process is launched from PIX.
LogInit: Using libcurl 7.55.1-DEV
LogInit:  - built for x86_64-pc-win32
LogInit:  - supports SSL with OpenSSL/1.1.1
LogInit:  - supports HTTP deflate (compression) using libz 1.2.8
LogInit:  - other features:
LogInit:      CURL_VERSION_SSL
LogInit:      CURL_VERSION_LIBZ
LogInit:      CURL_VERSION_IPV6
LogInit:      CURL_VERSION_ASYNCHDNS
LogInit:      CURL_VERSION_LARGEFILE
LogInit:      CURL_VERSION_IDN
LogInit:  CurlRequestOptions (configurable via config and command line):
LogInit:  - bVerifyPeer = true  - Libcurl will verify peer certificate
LogInit:  - bUseHttpProxy = false  - Libcurl will NOT use HTTP proxy
LogInit:  - bDontReuseConnections = false  - Libcurl will reuse connections
LogInit:  - MaxHostConnections = 16  - Libcurl will limit the number of connections to a host
LogInit:  - LocalHostAddr = Default
LogInit:  - BufferSize = 65536
LogOnline: OSS: Creating online subsystem instance for: NULL
LogInit: WinSock: version 1.1 (2.2), MaxSocks=32767, MaxUdp=65467
LogOnline: OSS: TryLoadSubsystemAndSetDefault: Loaded subsystem for module [NULL]
LogOculusPluginWrapper: OculusPlugin initialized successfully
LogHMD: Failed initializing OVRPlugin 1.59.0
LogInit: Build: ++UE4+Release-4.27-CL-18319896
LogInit: Engine Version: 4.27.2-18319896+++UE4+Release-4.27
LogInit: Compatible Engine Version: 4.27.0-17155196+++UE4+Release-4.27
LogInit: Net CL: 17155196
LogInit: OS: Windows 10 (Release 2009) (), CPU: Intel(R) Core(TM) i9-10900K CPU @ 3.70GHz, GPU: NVIDIA GeForce RTX 3080
LogInit: Compiled (64-bit): Nov 30 2021 07:12:08
LogInit: Compiled with Visual C++: 19.24.28315.00
LogInit: Build Configuration: Development
LogInit: Branch Name: ++UE4+Release-4.27
LogInit: Command Line: 
LogInit: Base Directory: D:/UE4/UE_4.27/Engine/Binaries/Win64/
LogInit: Allocator: TBB
LogInit: Installed Engine Build: 1
LogDevObjectVersion: Number of dev versions registered: 29
LogDevObjectVersion:   Dev-Blueprints (B0D832E4-1F89-4F0D-ACCF-7EB736FD4AA2): 10
LogDevObjectVersion:   Dev-Build (E1C64328-A22C-4D53-A36C-8E866417BD8C): 0
LogDevObjectVersion:   Dev-Core (375EC13C-06E4-48FB-B500-84F0262A717E): 4
LogDevObjectVersion:   Dev-Editor (E4B068ED-F494-42E9-A231-DA0B2E46BB41): 40
LogDevObjectVersion:   Dev-Framework (CFFC743F-43B0-4480-9391-14DF171D2073): 37
LogDevObjectVersion:   Dev-Mobile (B02B49B5-BB20-44E9-A304-32B752E40360): 3
LogDevObjectVersion:   Dev-Networking (A4E4105C-59A1-49B5-A7C5-40C4547EDFEE): 0
LogDevObjectVersion:   Dev-Online (39C831C9-5AE6-47DC-9A44-9C173E1C8E7C): 0
LogDevObjectVersion:   Dev-Physics (78F01B33-EBEA-4F98-B9B4-84EACCB95AA2): 14
LogDevObjectVersion:   Dev-Platform (6631380F-2D4D-43E0-8009-CF276956A95A): 0
LogDevObjectVersion:   Dev-Rendering (12F88B9F-8875-4AFC-A67C-D90C383ABD29): 45
LogDevObjectVersion:   Dev-Sequencer (7B5AE74C-D270-4C10-A958-57980B212A5A): 13
LogDevObjectVersion:   Dev-VR (D7296918-1DD6-4BDD-9DE2-64A83CC13884): 3
LogDevObjectVersion:   Dev-LoadTimes (C2A15278-BFE7-4AFE-6C17-90FF531DF755): 1
LogDevObjectVersion:   Private-Geometry (6EACA3D4-40EC-4CC1-B786-8BED09428FC5): 3
LogDevObjectVersion:   Dev-AnimPhys (29E575DD-E0A3-4627-9D10-D276232CDCEA): 17
LogDevObjectVersion:   Dev-Anim (AF43A65D-7FD3-4947-9873-3E8ED9C1BB05): 15
LogDevObjectVersion:   Dev-ReflectionCapture (6B266CEC-1EC7-4B8F-A30B-E4D90942FC07): 1
LogDevObjectVersion:   Dev-Automation (0DF73D61-A23F-47EA-B727-89E90C41499A): 1
LogDevObjectVersion:   FortniteMain (601D1886-AC64-4F84-AA16-D3DE0DEAC7D6): 47
LogDevObjectVersion:   FortniteRelease (E7086368-6B23-4C58-8439-1B7016265E91): 1
LogDevObjectVersion:   Dev-Enterprise (9DFFBCD6-494F-0158-E221-12823C92A888): 10
LogDevObjectVersion:   Dev-Niagara (F2AED0AC-9AFE-416F-8664-AA7FFA26D6FC): 1
LogDevObjectVersion:   Dev-Destruction (174F1F0B-B4C6-45A5-B13F-2EE8D0FB917D): 10
LogDevObjectVersion:   Dev-Physics-Ext (35F94A83-E258-406C-A318-09F59610247C): 41
LogDevObjectVersion:   Dev-PhysicsMaterial-Chaos (B68FC16E-8B1B-42E2-B453-215C058844FE): 1
LogDevObjectVersion:   Dev-CineCamera (B2E18506-4273-CFC2-A54E-F4BB758BBA07): 1
LogDevObjectVersion:   Dev-VirtualProduction (64F58936-FD1B-42BA-BA96-7289D5D0FA4E): 1
LogDevObjectVersion:   Dev-MediaFramework (6F0ED827-A609-4895-9C91-998D90180EA4): 2
LogInit: Presizing for max 25165824 objects, including 0 objects not considered by GC, pre-allocating 0 bytes for permanent pool.
LogConfig: Applying CVar settings from Section [/Script/Engine.StreamingSettings] File [C:/Users/dchuntes/Documents/GMTKJam/GMTK_Gamejam_2022/Saved/Config/Windows/Engine.ini]
LogConfig: Setting CVar [[s.MinBulkDataSizeForAsyncLoading:131072]]
LogConfig: Setting CVar [[s.AsyncLoadingThreadEnabled:0]]
LogConfig: Setting CVar [[s.EventDrivenLoaderEnabled:1]]
LogConfig: Setting CVar [[s.WarnIfTimeLimitExceeded:0]]
LogConfig: Setting CVar [[s.TimeLimitExceededMultiplier:1.5]]
LogConfig: Setting CVar [[s.TimeLimitExceededMinTime:0.005]]
LogConfig: Setting CVar [[s.UseBackgroundLevelStreaming:1]]
LogConfig: Setting CVar [[s.PriorityAsyncLoadingExtraTime:15.0]]
LogConfig: Setting CVar [[s.LevelStreamingActorsUpdateTimeLimit:5.0]]
LogConfig: Setting CVar [[s.PriorityLevelStreamingActorsUpdateExtraTime:5.0]]
LogConfig: Setting CVar [[s.LevelStreamingComponentsRegistrationGranularity:10]]
LogConfig: Setting CVar [[s.UnregisterComponentsTimeLimit:1.0]]
LogConfig: Setting CVar [[s.LevelStreamingComponentsUnregistrationGranularity:5]]
LogConfig: Setting CVar [[s.FlushStreamingOnExit:1]]
LogInit: Object subsystem initialized
LogConfig: Setting CVar [[con.DebugEarlyDefault:1]]
LogConfig: Setting CVar [[r.setres:1280x720]]
[2022.07.16-03.43.42:975][  0]LogConfig: Setting CVar [[r.VSync:0]]
[2022.07.16-03.43.42:975][  0]LogConfig: Setting CVar [[r.RHICmdBypass:0]]
[2022.07.16-03.43.42:975][  0]LogConfig: Applying CVar settings from Section [/Script/Engine.RendererSettings] File [C:/Users/dchuntes/Documents/GMTKJam/GMTK_Gamejam_2022/Saved/Config/Windows/Engine.ini]
[2022.07.16-03.43.42:975][  0]LogConfig: Setting CVar [[r.GPUCrashDebugging:0]]
[2022.07.16-03.43.42:975][  0]LogConfig: Applying CVar settings from Section [/Script/Engine.RendererOverrideSettings] File [C:/Users/dchuntes/Documents/GMTKJam/GMTK_Gamejam_2022/Saved/Config/Windows/Engine.ini]
[2022.07.16-03.43.42:975][  0]LogConfig: Applying CVar settings from Section [/Script/Engine.StreamingSettings] File [C:/Users/dchuntes/Documents/GMTKJam/GMTK_Gamejam_2022/Saved/Config/Windows/Engine.ini]
[2022.07.16-03.43.42:975][  0]LogConfig: Setting CVar [[s.MinBulkDataSizeForAsyncLoading:131072]]
[2022.07.16-03.43.42:975][  0]LogConfig: Setting CVar [[s.AsyncLoadingThreadEnabled:0]]
[2022.07.16-03.43.42:975][  0]LogConfig: Setting CVar [[s.EventDrivenLoaderEnabled:1]]
[2022.07.16-03.43.42:975][  0]LogConfig: Setting CVar [[s.WarnIfTimeLimitExceeded:0]]
[2022.07.16-03.43.42:975][  0]LogConfig: Setting CVar [[s.TimeLimitExceededMultiplier:1.5]]
[2022.07.16-03.43.42:975][  0]LogConfig: Setting CVar [[s.TimeLimitExceededMinTime:0.005]]
[2022.07.16-03.43.42:975][  0]LogConfig: Setting CVar [[s.UseBackgroundLevelStreaming:1]]
[2022.07.16-03.43.42:975][  0]LogConfig: Setting CVar [[s.PriorityAsyncLoadingExtraTime:15.0]]
[2022.07.16-03.43.42:975][  0]LogConfig: Setting CVar [[s.LevelStreamingActorsUpdateTimeLimit:5.0]]
[2022.07.16-03.43.42:975][  0]LogConfig: Setting CVar [[s.PriorityLevelStreamingActorsUpdateExtraTime:5.0]]
[2022.07.16-03.43.42:975][  0]LogConfig: Setting CVar [[s.LevelStreamingComponentsRegistrationGranularity:10]]
[2022.07.16-03.43.42:975][  0]LogConfig: Setting CVar [[s.UnregisterComponentsTimeLimit:1.0]]
[2022.07.16-03.43.42:975][  0]LogConfig: Setting CVar [[s.LevelStreamingComponentsUnregistrationGranularity:5]]
[2022.07.16-03.43.42:975][  0]LogConfig: Setting CVar [[s.FlushStreamingOnExit:1]]
[2022.07.16-03.43.42:975][  0]LogConfig: Applying CVar settings from Section [/Script/Engine.GarbageCollectionSettings] File [C:/Users/dchuntes/Documents/GMTKJam/GMTK_Gamejam_2022/Saved/Config/Windows/Engine.ini]
[2022.07.16-03.43.42:975][  0]LogConfig: Setting CVar [[gc.MaxObjectsNotConsideredByGC:1]]
[2022.07.16-03.43.42:975][  0]LogConfig: Setting CVar [[gc.SizeOfPermanentObjectPool:0]]
[2022.07.16-03.43.42:975][  0]LogConfig: Setting CVar [[gc.FlushStreamingOnGC:0]]
[2022.07.16-03.43.42:975][  0]LogConfig: Setting CVar [[gc.NumRetriesBeforeForcingGC:10]]
[2022.07.16-03.43.42:975][  0]LogConfig: Setting CVar [[gc.AllowParallelGC:1]]
[2022.07.16-03.43.42:975][  0]LogConfig: Setting CVar [[gc.TimeBetweenPurgingPendingKillObjects:61.1]]
[2022.07.16-03.43.42:975][  0]LogConfig: Setting CVar [[gc.MaxObjectsInEditor:25165824]]
[2022.07.16-03.43.42:975][  0]LogConfig: Setting CVar [[gc.IncrementalBeginDestroyEnabled:1]]
[2022.07.16-03.43.42:975][  0]LogConfig: Setting CVar [[gc.CreateGCClusters:1]]
[2022.07.16-03.43.42:975][  0]LogConfig: Setting CVar [[gc.MinGCClusterSize:5]]
[2022.07.16-03.43.42:975][  0]LogConfig: Setting CVar [[gc.ActorClusteringEnabled:0]]
[2022.07.16-03.43.42:975][  0]LogConfig: Setting CVar [[gc.BlueprintClusteringEnabled:0]]
[2022.07.16-03.43.42:975][  0]LogConfig: Setting CVar [[gc.UseDisregardForGCOnDedicatedServers:0]]
[2022.07.16-03.43.42:975][  0]LogConfig: Setting CVar [[gc.MultithreadedDestructionEnabled:1]]
[2022.07.16-03.43.42:975][  0]LogConfig: Applying CVar settings from Section [/Script/Engine.NetworkSettings] File [C:/Users/dchuntes/Documents/GMTKJam/GMTK_Gamejam_2022/Saved/Config/Windows/Engine.ini]
[2022.07.16-03.43.42:975][  0]LogConfig: Applying CVar settings from Section [/Script/UnrealEd.CookerSettings] File [C:/Users/dchuntes/Documents/GMTKJam/GMTK_Gamejam_2022/Saved/Config/Windows/Engine.ini]
[2022.07.16-03.43.42:984][  0]LogConfig: Applying CVar settings from Section [ViewDistanceQuality@3] File [C:/Users/dchuntes/Documents/GMTKJam/GMTK_Gamejam_2022/Saved/Config/Windows/Scalability.ini]
[2022.07.16-03.43.42:984][  0]LogConfig: Setting CVar [[r.SkeletalMeshLODBias:0]]
[2022.07.16-03.43.42:984][  0]LogConfig: Setting CVar [[r.ViewDistanceScale:1.0]]
[2022.07.16-03.43.42:984][  0]LogConfig: Applying CVar settings from Section [AntiAliasingQuality@3] File [C:/Users/dchuntes/Documents/GMTKJam/GMTK_Gamejam_2022/Saved/Config/Windows/Scalability.ini]
[2022.07.16-03.43.42:984][  0]LogConfig: Setting CVar [[r.PostProcessAAQuality:4]]
[2022.07.16-03.43.42:984][  0]LogConfig: Applying CVar settings from Section [ShadowQuality@3] File [C:/Users/dchuntes/Documents/GMTKJam/GMTK_Gamejam_2022/Saved/Config/Windows/Scalability.ini]
[2022.07.16-03.43.42:984][  0]LogConfig: Setting CVar [[r.LightFunctionQuality:1]]
[2022.07.16-03.43.42:984][  0]LogConfig: Setting CVar [[r.ShadowQuality:5]]
[2022.07.16-03.43.42:984][  0]LogConfig: Setting CVar [[r.Shadow.CSM.MaxCascades:10]]
[2022.07.16-03.43.42:984][  0]LogConfig: Setting CVar [[r.Shadow.MaxResolution:2048]]
[2022.07.16-03.43.42:984][  0]LogConfig: Setting CVar [[r.Shadow.MaxCSMResolution:2048]]
[2022.07.16-03.43.42:984][  0]LogConfig: Setting CVar [[r.Shadow.RadiusThreshold:0.01]]
[2022.07.16-03.43.42:984][  0]LogConfig: Setting CVar [[r.Shadow.DistanceScale:1.0]]
[2022.07.16-03.43.42:984][  0]LogConfig: Setting CVar [[r.Shadow.CSM.TransitionScale:1.0]]
[2022.07.16-03.43.42:984][  0]LogConfig: Setting CVar [[r.Shadow.PreShadowResolutionFactor:1.0]]
[2022.07.16-03.43.42:984][  0]LogConfig: Setting CVar [[r.DistanceFieldShadowing:1]]
[2022.07.16-03.43.42:984][  0]LogConfig: Setting CVar [[r.DistanceFieldAO:1]]
[2022.07.16-03.43.42:984][  0]LogConfig: Setting CVar [[r.AOQuality:2]]
[2022.07.16-03.43.42:984][  0]LogConfig: Setting CVar [[r.VolumetricFog:1]]
[2022.07.16-03.43.42:984][  0]LogConfig: Setting CVar [[r.VolumetricFog.GridPixelSize:8]]
[2022.07.16-03.43.42:984][  0]LogConfig: Setting CVar [[r.VolumetricFog.GridSizeZ:128]]
[2022.07.16-03.43.42:984][  0]LogConfig: Setting CVar [[r.VolumetricFog.HistoryMissSupersampleCount:4]]
[2022.07.16-03.43.42:984][  0]LogConfig: Setting CVar [[r.LightMaxDrawDistanceScale:1]]
[2022.07.16-03.43.42:984][  0]LogConfig: Setting CVar [[r.CapsuleShadows:1]]
[2022.07.16-03.43.42:984][  0]LogConfig: Applying CVar settings from Section [PostProcessQuality@3] File [C:/Users/dchuntes/Documents/GMTKJam/GMTK_Gamejam_2022/Saved/Config/Windows/Scalability.ini]
[2022.07.16-03.43.42:984][  0]LogConfig: Setting CVar [[r.MotionBlurQuality:4]]
[2022.07.16-03.43.42:984][  0]LogConfig: Setting CVar [[r.AmbientOcclusionMipLevelFactor:0.4]]
[2022.07.16-03.43.42:984][  0]LogConfig: Setting CVar [[r.AmbientOcclusionMaxQuality:100]]
[2022.07.16-03.43.42:984][  0]LogConfig: Setting CVar [[r.AmbientOcclusionLevels:-1]]
[2022.07.16-03.43.42:984][  0]LogConfig: Setting CVar [[r.AmbientOcclusionRadiusScale:1.0]]
[2022.07.16-03.43.42:984][  0]LogConfig: Setting CVar [[r.DepthOfFieldQuality:2]]
[2022.07.16-03.43.42:984][  0]LogConfig: Setting CVar [[r.RenderTargetPoolMin:400]]
[2022.07.16-03.43.42:984][  0]LogConfig: Setting CVar [[r.LensFlareQuality:2]]
[2022.07.16-03.43.42:984][  0]LogConfig: Setting CVar [[r.SceneColorFringeQuality:1]]
[2022.07.16-03.43.42:984][  0]LogConfig: Setting CVar [[r.EyeAdaptationQuality:2]]
[2022.07.16-03.43.42:984][  0]LogConfig: Setting CVar [[r.BloomQuality:5]]
[2022.07.16-03.43.42:984][  0]LogConfig: Setting CVar [[r.FastBlurThreshold:100]]
[2022.07.16-03.43.42:984][  0]LogConfig: Setting CVar [[r.Upscale.Quality:3]]
[2022.07.16-03.43.42:984][  0]LogConfig: Setting CVar [[r.Tonemapper.GrainQuantization:1]]
[2022.07.16-03.43.42:984][  0]LogConfig: Setting CVar [[r.LightShaftQuality:1]]
[2022.07.16-03.43.42:984][  0]LogConfig: Setting CVar [[r.Filter.SizeScale:1]]
[2022.07.16-03.43.42:984][  0]LogConfig: Setting CVar [[r.Tonemapper.Quality:5]]
[2022.07.16-03.43.42:985][  0]LogConfig: Setting CVar [[r.DOF.Gather.AccumulatorQuality:1        ; higher gathering accumulator quality]]
[2022.07.16-03.43.42:985][  0]LogConfig: Setting CVar [[r.DOF.Gather.PostfilterMethod:1          ; Median3x3 postfilering method]]
[2022.07.16-03.43.42:985][  0]LogConfig: Setting CVar [[r.DOF.Gather.EnableBokehSettings:0       ; no bokeh simulation when gathering]]
[2022.07.16-03.43.42:985][  0]LogConfig: Setting CVar [[r.DOF.Gather.RingCount:4                 ; medium number of samples when gathering]]
[2022.07.16-03.43.42:985][  0]LogConfig: Setting CVar [[r.DOF.Scatter.ForegroundCompositing:1    ; additive foreground scattering]]
[2022.07.16-03.43.42:985][  0]LogConfig: Setting CVar [[r.DOF.Scatter.BackgroundCompositing:2    ; additive background scattering]]
[2022.07.16-03.43.42:985][  0]LogConfig: Setting CVar [[r.DOF.Scatter.EnableBokehSettings:1      ; bokeh simulation when scattering]]
[2022.07.16-03.43.42:985][  0]LogConfig: Setting CVar [[r.DOF.Scatter.MaxSpriteRatio:0.1         ; only a maximum of 10% of scattered bokeh]]
[2022.07.16-03.43.42:985][  0]LogConfig: Setting CVar [[r.DOF.Recombine.Quality:1                ; cheap slight out of focus]]
[2022.07.16-03.43.42:985][  0]LogConfig: Setting CVar [[r.DOF.Recombine.EnableBokehSettings:0    ; no bokeh simulation on slight out of focus]]
[2022.07.16-03.43.42:985][  0]LogConfig: Setting CVar [[r.DOF.TemporalAAQuality:1                ; more stable temporal accumulation]]
[2022.07.16-03.43.42:985][  0]LogConfig: Setting CVar [[r.DOF.Kernel.MaxForegroundRadius:0.025]]
[2022.07.16-03.43.42:985][  0]LogConfig: Setting CVar [[r.DOF.Kernel.MaxBackgroundRadius:0.025]]
[2022.07.16-03.43.42:985][  0]LogConfig: Applying CVar settings from Section [TextureQuality@3] File [C:/Users/dchuntes/Documents/GMTKJam/GMTK_Gamejam_2022/Saved/Config/Windows/Scalability.ini]
[2022.07.16-03.43.42:985][  0]LogConfig: Setting CVar [[r.Streaming.MipBias:0]]
[2022.07.16-03.43.42:985][  0]LogConfig: Setting CVar [[r.Streaming.AmortizeCPUToGPUCopy:0]]
[2022.07.16-03.43.42:985][  0]LogConfig: Setting CVar [[r.Streaming.MaxNumTexturesToStreamPerFrame:0]]
[2022.07.16-03.43.42:985][  0]LogConfig: Setting CVar [[r.Streaming.Boost:1]]
[2022.07.16-03.43.42:985][  0]LogConfig: Setting CVar [[r.MaxAnisotropy:8]]
[2022.07.16-03.43.42:985][  0]LogConfig: Setting CVar [[r.VT.MaxAnisotropy:8]]
[2022.07.16-03.43.42:985][  0]LogConfig: Setting CVar [[r.Streaming.LimitPoolSizeToVRAM:0]]
[2022.07.16-03.43.42:985][  0]LogConfig: Setting CVar [[r.Streaming.PoolSize:1000]]
[2022.07.16-03.43.42:985][  0]LogConfig: Setting CVar [[r.Streaming.MaxEffectiveScreenSize:0]]
[2022.07.16-03.43.42:985][  0]LogConfig: Applying CVar settings from Section [EffectsQuality@3] File [C:/Users/dchuntes/Documents/GMTKJam/GMTK_Gamejam_2022/Saved/Config/Windows/Scalability.ini]
[2022.07.16-03.43.42:985][  0]LogConfig: Setting CVar [[r.TranslucencyLightingVolumeDim:64]]
[2022.07.16-03.43.42:985][  0]LogConfig: Setting CVar [[r.RefractionQuality:2]]
[2022.07.16-03.43.42:985][  0]LogConfig: Setting CVar [[r.SSR.Quality:3]]
[2022.07.16-03.43.42:985][  0]LogConfig: Setting CVar [[r.SSR.HalfResSceneColor:0]]
[2022.07.16-03.43.42:985][  0]LogConfig: Setting CVar [[r.SceneColorFormat:4]]
[2022.07.16-03.43.42:985][  0]LogConfig: Setting CVar [[r.DetailMode:2]]
[2022.07.16-03.43.42:985][  0]LogConfig: Setting CVar [[r.TranslucencyVolumeBlur:1]]
[2022.07.16-03.43.42:985][  0]LogConfig: Setting CVar [[r.MaterialQualityLevel:1 ; High quality]]
[2022.07.16-03.43.42:985][  0]LogConfig: Setting CVar [[r.AnisotropicMaterials:1]]
[2022.07.16-03.43.42:985][  0]LogConfig: Setting CVar [[r.SSS.Scale:1]]
[2022.07.16-03.43.42:985][  0]LogConfig: Setting CVar [[r.SSS.SampleSet:2]]
[2022.07.16-03.43.42:985][  0]LogConfig: Setting CVar [[r.SSS.Quality:1]]
[2022.07.16-03.43.42:985][  0]LogConfig: Setting CVar [[r.SSS.HalfRes:0]]
[2022.07.16-03.43.42:985][  0]LogConfig: Setting CVar [[r.SSGI.Quality:3]]
[2022.07.16-03.43.42:985][  0]LogConfig: Setting CVar [[r.EmitterSpawnRateScale:1.0]]
[2022.07.16-03.43.42:985][  0]LogConfig: Setting CVar [[r.ParticleLightQuality:2]]
[2022.07.16-03.43.42:985][  0]LogConfig: Setting CVar [[r.SkyAtmosphere.AerialPerspectiveLUT.FastApplyOnOpaque:1 ; Always have FastSkyLUT 1 in this case to avoid wrong sky]]
[2022.07.16-03.43.42:985][  0]LogConfig: Setting CVar [[r.SkyAtmosphere.AerialPerspectiveLUT.SampleCountMaxPerSlice:4]]
[2022.07.16-03.43.42:985][  0]LogConfig: Setting CVar [[r.SkyAtmosphere.AerialPerspectiveLUT.DepthResolution:16.0]]
[2022.07.16-03.43.42:985][  0]LogConfig: Setting CVar [[r.SkyAtmosphere.FastSkyLUT:1]]
[2022.07.16-03.43.42:985][  0]LogConfig: Setting CVar [[r.SkyAtmosphere.FastSkyLUT.SampleCountMin:4.0]]
[2022.07.16-03.43.42:985][  0]LogConfig: Setting CVar [[r.SkyAtmosphere.FastSkyLUT.SampleCountMax:128.0]]
[2022.07.16-03.43.42:985][  0]LogConfig: Setting CVar [[r.SkyAtmosphere.SampleCountMin:4.0]]
[2022.07.16-03.43.42:985][  0]LogConfig: Setting CVar [[r.SkyAtmosphere.SampleCountMax:128.0]]
[2022.07.16-03.43.42:985][  0]LogConfig: Setting CVar [[r.SkyAtmosphere.TransmittanceLUT.UseSmallFormat:0]]
[2022.07.16-03.43.42:985][  0]LogConfig: Setting CVar [[r.SkyAtmosphere.TransmittanceLUT.SampleCount:10.0]]
[2022.07.16-03.43.42:985][  0]LogConfig: Setting CVar [[r.SkyAtmosphere.MultiScatteringLUT.SampleCount:15.0]]
[2022.07.16-03.43.42:985][  0]LogConfig: Setting CVar [[r.SkyLight.RealTimeReflectionCapture:1]]
[2022.07.16-03.43.42:985][  0]LogConfig: Applying CVar settings from Section [FoliageQuality@3] File [C:/Users/dchuntes/Documents/GMTKJam/GMTK_Gamejam_2022/Saved/Config/Windows/Scalability.ini]
[2022.07.16-03.43.42:985][  0]LogConfig: Setting CVar [[foliage.DensityScale:1.0]]
[2022.07.16-03.43.42:985][  0]LogConfig: Setting CVar [[grass.DensityScale:1.0]]
[2022.07.16-03.43.42:985][  0]LogConfig: Applying CVar settings from Section [ShadingQuality@3] File [C:/Users/dchuntes/Documents/GMTKJam/GMTK_Gamejam_2022/Saved/Config/Windows/Scalability.ini]
[2022.07.16-03.43.42:985][  0]LogConfig: Setting CVar [[r.HairStrands.SkyLighting.IntegrationType:2]]
[2022.07.16-03.43.42:985][  0]LogConfig: Setting CVar [[r.HairStrands.SkyAO.SampleCount:4]]
[2022.07.16-03.43.42:985][  0]LogConfig: Setting CVar [[r.HairStrands.Visibility.MSAA.SamplePerPixel:4]]
[2022.07.16-03.43.42:985][  0]LogInit: Selected Device Profile: [Windows]
[2022.07.16-03.43.42:985][  0]LogInit: Applying CVar settings loaded from the selected device profile: [Windows]
[2022.07.16-03.43.42:985][  0]LogHAL: Display: Platform has ~ 64 GB [68558495744 / 68719476736 / 64], which maps to Largest [LargestMinGB=32, LargerMinGB=12, DefaultMinGB=8, SmallerMinGB=6, SmallestMinGB=0)
[2022.07.16-03.43.42:985][  0]LogInit: Going up to parent DeviceProfile []
[2022.07.16-03.43.42:985][  0]LogConfig: Applying CVar settings from Section [ViewDistanceQuality@3] File [C:/Users/dchuntes/Documents/GMTKJam/GMTK_Gamejam_2022/Saved/Config/Windows/Scalability.ini]
[2022.07.16-03.43.42:985][  0]LogConfig: Setting CVar [[r.SkeletalMeshLODBias:0]]
[2022.07.16-03.43.42:985][  0]LogConfig: Setting CVar [[r.ViewDistanceScale:1.0]]
[2022.07.16-03.43.42:985][  0]LogConfig: Applying CVar settings from Section [AntiAliasingQuality@3] File [C:/Users/dchuntes/Documents/GMTKJam/GMTK_Gamejam_2022/Saved/Config/Windows/Scalability.ini]
[2022.07.16-03.43.42:985][  0]LogConfig: Setting CVar [[r.PostProcessAAQuality:4]]
[2022.07.16-03.43.42:985][  0]LogConfig: Applying CVar settings from Section [ShadowQuality@3] File [C:/Users/dchuntes/Documents/GMTKJam/GMTK_Gamejam_2022/Saved/Config/Windows/Scalability.ini]
[2022.07.16-03.43.42:985][  0]LogConfig: Setting CVar [[r.LightFunctionQuality:1]]
[2022.07.16-03.43.42:985][  0]LogConfig: Setting CVar [[r.ShadowQuality:5]]
[2022.07.16-03.43.42:985][  0]LogConfig: Setting CVar [[r.Shadow.CSM.MaxCascades:10]]
[2022.07.16-03.43.42:985][  0]LogConfig: Setting CVar [[r.Shadow.MaxResolution:2048]]
[2022.07.16-03.43.42:985][  0]LogConfig: Setting CVar [[r.Shadow.MaxCSMResolution:2048]]
[2022.07.16-03.43.42:985][  0]LogConfig: Setting CVar [[r.Shadow.RadiusThreshold:0.01]]
[2022.07.16-03.43.42:985][  0]LogConfig: Setting CVar [[r.Shadow.DistanceScale:1.0]]
[2022.07.16-03.43.42:985][  0]LogConfig: Setting CVar [[r.Shadow.CSM.TransitionScale:1.0]]
[2022.07.16-03.43.42:985][  0]LogConfig: Setting CVar [[r.Shadow.PreShadowResolutionFactor:1.0]]
[2022.07.16-03.43.42:985][  0]LogConfig: Setting CVar [[r.DistanceFieldShadowing:1]]
[2022.07.16-03.43.42:985][  0]LogConfig: Setting CVar [[r.DistanceFieldAO:1]]
[2022.07.16-03.43.42:985][  0]LogConfig: Setting CVar [[r.AOQuality:2]]
[2022.07.16-03.43.42:985][  0]LogConfig: Setting CVar [[r.VolumetricFog:1]]
[2022.07.16-03.43.42:985][  0]LogConfig: Setting CVar [[r.VolumetricFog.GridPixelSize:8]]
[2022.07.16-03.43.42:985][  0]LogConfig: Setting CVar [[r.VolumetricFog.GridSizeZ:128]]
[2022.07.16-03.43.42:985][  0]LogConfig: Setting CVar [[r.VolumetricFog.HistoryMissSupersampleCount:4]]
[2022.07.16-03.43.42:985][  0]LogConfig: Setting CVar [[r.LightMaxDrawDistanceScale:1]]
[2022.07.16-03.43.42:985][  0]LogConfig: Setting CVar [[r.CapsuleShadows:1]]
[2022.07.16-03.43.42:985][  0]LogConfig: Applying CVar settings from Section [PostProcessQuality@3] File [C:/Users/dchuntes/Documents/GMTKJam/GMTK_Gamejam_2022/Saved/Config/Windows/Scalability.ini]
[2022.07.16-03.43.42:985][  0]LogConfig: Setting CVar [[r.MotionBlurQuality:4]]
[2022.07.16-03.43.42:985][  0]LogConfig: Setting CVar [[r.AmbientOcclusionMipLevelFactor:0.4]]
[2022.07.16-03.43.42:985][  0]LogConfig: Setting CVar [[r.AmbientOcclusionMaxQuality:100]]
[2022.07.16-03.43.42:985][  0]LogConfig: Setting CVar [[r.AmbientOcclusionLevels:-1]]
[2022.07.16-03.43.42:985][  0]LogConfig: Setting CVar [[r.AmbientOcclusionRadiusScale:1.0]]
[2022.07.16-03.43.42:985][  0]LogConfig: Setting CVar [[r.DepthOfFieldQuality:2]]
[2022.07.16-03.43.42:985][  0]LogConfig: Setting CVar [[r.RenderTargetPoolMin:400]]
[2022.07.16-03.43.42:985][  0]LogConfig: Setting CVar [[r.LensFlareQuality:2]]
[2022.07.16-03.43.42:985][  0]LogConfig: Setting CVar [[r.SceneColorFringeQuality:1]]
[2022.07.16-03.43.42:985][  0]LogConfig: Setting CVar [[r.EyeAdaptationQuality:2]]
[2022.07.16-03.43.42:985][  0]LogConfig: Setting CVar [[r.BloomQuality:5]]
[2022.07.16-03.43.42:985][  0]LogConfig: Setting CVar [[r.FastBlurThreshold:100]]
[2022.07.16-03.43.42:985][  0]LogConfig: Setting CVar [[r.Upscale.Quality:3]]
[2022.07.16-03.43.42:985][  0]LogConfig: Setting CVar [[r.Tonemapper.GrainQuantization:1]]
[2022.07.16-03.43.42:985][  0]LogConfig: Setting CVar [[r.LightShaftQuality:1]]
[2022.07.16-03.43.42:985][  0]LogConfig: Setting CVar [[r.Filter.SizeScale:1]]
[2022.07.16-03.43.42:985][  0]LogConfig: Setting CVar [[r.Tonemapper.Quality:5]]
[2022.07.16-03.43.42:985][  0]LogConfig: Setting CVar [[r.DOF.Gather.AccumulatorQuality:1        ; higher gathering accumulator quality]]
[2022.07.16-03.43.42:985][  0]LogConfig: Setting CVar [[r.DOF.Gather.PostfilterMethod:1          ; Median3x3 postfilering method]]
[2022.07.16-03.43.42:985][  0]LogConfig: Setting CVar [[r.DOF.Gather.EnableBokehSettings:0       ; no bokeh simulation when gathering]]
[2022.07.16-03.43.42:985][  0]LogConfig: Setting CVar [[r.DOF.Gather.RingCount:4                 ; medium number of samples when gathering]]
[2022.07.16-03.43.42:985][  0]LogConfig: Setting CVar [[r.DOF.Scatter.ForegroundCompositing:1    ; additive foreground scattering]]
[2022.07.16-03.43.42:985][  0]LogConfig: Setting CVar [[r.DOF.Scatter.BackgroundCompositing:2    ; additive background scattering]]
[2022.07.16-03.43.42:986][  0]LogConfig: Setting CVar [[r.DOF.Scatter.EnableBokehSettings:1      ; bokeh simulation when scattering]]
[2022.07.16-03.43.42:986][  0]LogConfig: Setting CVar [[r.DOF.Scatter.MaxSpriteRatio:0.1         ; only a maximum of 10% of scattered bokeh]]
[2022.07.16-03.43.42:986][  0]LogConfig: Setting CVar [[r.DOF.Recombine.Quality:1                ; cheap slight out of focus]]
[2022.07.16-03.43.42:986][  0]LogConfig: Setting CVar [[r.DOF.Recombine.EnableBokehSettings:0    ; no bokeh simulation on slight out of focus]]
[2022.07.16-03.43.42:986][  0]LogConfig: Setting CVar [[r.DOF.TemporalAAQuality:1                ; more stable temporal accumulation]]
[2022.07.16-03.43.42:986][  0]LogConfig: Setting CVar [[r.DOF.Kernel.MaxForegroundRadius:0.025]]
[2022.07.16-03.43.42:986][  0]LogConfig: Setting CVar [[r.DOF.Kernel.MaxBackgroundRadius:0.025]]
[2022.07.16-03.43.42:986][  0]LogConfig: Applying CVar settings from Section [TextureQuality@3] File [C:/Users/dchuntes/Documents/GMTKJam/GMTK_Gamejam_2022/Saved/Config/Windows/Scalability.ini]
[2022.07.16-03.43.42:986][  0]LogConfig: Setting CVar [[r.Streaming.MipBias:0]]
[2022.07.16-03.43.42:986][  0]LogConfig: Setting CVar [[r.Streaming.AmortizeCPUToGPUCopy:0]]
[2022.07.16-03.43.42:986][  0]LogConfig: Setting CVar [[r.Streaming.MaxNumTexturesToStreamPerFrame:0]]
[2022.07.16-03.43.42:986][  0]LogConfig: Setting CVar [[r.Streaming.Boost:1]]
[2022.07.16-03.43.42:986][  0]LogConfig: Setting CVar [[r.MaxAnisotropy:8]]
[2022.07.16-03.43.42:986][  0]LogConfig: Setting CVar [[r.VT.MaxAnisotropy:8]]
[2022.07.16-03.43.42:986][  0]LogConfig: Setting CVar [[r.Streaming.LimitPoolSizeToVRAM:0]]
[2022.07.16-03.43.42:986][  0]LogConfig: Setting CVar [[r.Streaming.PoolSize:1000]]
[2022.07.16-03.43.42:986][  0]LogConfig: Setting CVar [[r.Streaming.MaxEffectiveScreenSize:0]]
[2022.07.16-03.43.42:986][  0]LogConfig: Applying CVar settings from Section [EffectsQuality@3] File [C:/Users/dchuntes/Documents/GMTKJam/GMTK_Gamejam_2022/Saved/Config/Windows/Scalability.ini]
[2022.07.16-03.43.42:986][  0]LogConfig: Setting CVar [[r.TranslucencyLightingVolumeDim:64]]
[2022.07.16-03.43.42:986][  0]LogConfig: Setting CVar [[r.RefractionQuality:2]]
[2022.07.16-03.43.42:986][  0]LogConfig: Setting CVar [[r.SSR.Quality:3]]
[2022.07.16-03.43.42:986][  0]LogConfig: Setting CVar [[r.SSR.HalfResSceneColor:0]]
[2022.07.16-03.43.42:986][  0]LogConfig: Setting CVar [[r.SceneColorFormat:4]]
[2022.07.16-03.43.42:986][  0]LogConfig: Setting CVar [[r.DetailMode:2]]
[2022.07.16-03.43.42:986][  0]LogConfig: Setting CVar [[r.TranslucencyVolumeBlur:1]]
[2022.07.16-03.43.42:986][  0]LogConfig: Setting CVar [[r.MaterialQualityLevel:1 ; High quality]]
[2022.07.16-03.43.42:986][  0]LogConfig: Setting CVar [[r.AnisotropicMaterials:1]]
[2022.07.16-03.43.42:986][  0]LogConfig: Setting CVar [[r.SSS.Scale:1]]
[2022.07.16-03.43.42:986][  0]LogConfig: Setting CVar [[r.SSS.SampleSet:2]]
[2022.07.16-03.43.42:986][  0]LogConfig: Setting CVar [[r.SSS.Quality:1]]
[2022.07.16-03.43.42:986][  0]LogConfig: Setting CVar [[r.SSS.HalfRes:0]]
[2022.07.16-03.43.42:986][  0]LogConfig: Setting CVar [[r.SSGI.Quality:3]]
[2022.07.16-03.43.42:986][  0]LogConfig: Setting CVar [[r.EmitterSpawnRateScale:1.0]]
[2022.07.16-03.43.42:986][  0]LogConfig: Setting CVar [[r.ParticleLightQuality:2]]
[2022.07.16-03.43.42:986][  0]LogConfig: Setting CVar [[r.SkyAtmosphere.AerialPerspectiveLUT.FastApplyOnOpaque:1 ; Always have FastSkyLUT 1 in this case to avoid wrong sky]]
[2022.07.16-03.43.42:986][  0]LogConfig: Setting CVar [[r.SkyAtmosphere.AerialPerspectiveLUT.SampleCountMaxPerSlice:4]]
[2022.07.16-03.43.42:986][  0]LogConfig: Setting CVar [[r.SkyAtmosphere.AerialPerspectiveLUT.DepthResolution:16.0]]
[2022.07.16-03.43.42:986][  0]LogConfig: Setting CVar [[r.SkyAtmosphere.FastSkyLUT:1]]
[2022.07.16-03.43.42:986][  0]LogConfig: Setting CVar [[r.SkyAtmosphere.FastSkyLUT.SampleCountMin:4.0]]
[2022.07.16-03.43.42:986][  0]LogConfig: Setting CVar [[r.SkyAtmosphere.FastSkyLUT.SampleCountMax:128.0]]
[2022.07.16-03.43.42:986][  0]LogConfig: Setting CVar [[r.SkyAtmosphere.SampleCountMin:4.0]]
[2022.07.16-03.43.42:986][  0]LogConfig: Setting CVar [[r.SkyAtmosphere.SampleCountMax:128.0]]
[2022.07.16-03.43.42:986][  0]LogConfig: Setting CVar [[r.SkyAtmosphere.TransmittanceLUT.UseSmallFormat:0]]
[2022.07.16-03.43.42:986][  0]LogConfig: Setting CVar [[r.SkyAtmosphere.TransmittanceLUT.SampleCount:10.0]]
[2022.07.16-03.43.42:986][  0]LogConfig: Setting CVar [[r.SkyAtmosphere.MultiScatteringLUT.SampleCount:15.0]]
[2022.07.16-03.43.42:986][  0]LogConfig: Setting CVar [[r.SkyLight.RealTimeReflectionCapture:1]]
[2022.07.16-03.43.42:986][  0]LogConfig: Applying CVar settings from Section [FoliageQuality@3] File [C:/Users/dchuntes/Documents/GMTKJam/GMTK_Gamejam_2022/Saved/Config/Windows/Scalability.ini]
[2022.07.16-03.43.42:986][  0]LogConfig: Setting CVar [[foliage.DensityScale:1.0]]
[2022.07.16-03.43.42:986][  0]LogConfig: Setting CVar [[grass.DensityScale:1.0]]
[2022.07.16-03.43.42:986][  0]LogConfig: Applying CVar settings from Section [ShadingQuality@3] File [C:/Users/dchuntes/Documents/GMTKJam/GMTK_Gamejam_2022/Saved/Config/Windows/Scalability.ini]
[2022.07.16-03.43.42:986][  0]LogConfig: Setting CVar [[r.HairStrands.SkyLighting.IntegrationType:2]]
[2022.07.16-03.43.42:986][  0]LogConfig: Setting CVar [[r.HairStrands.SkyAO.SampleCount:4]]
[2022.07.16-03.43.42:986][  0]LogConfig: Setting CVar [[r.HairStrands.Visibility.MSAA.SamplePerPixel:4]]
[2022.07.16-03.43.42:986][  0]LogConfig: Applying CVar settings from Section [Startup] File [../../../Engine/Config/ConsoleVariables.ini]
[2022.07.16-03.43.42:986][  0]LogConfig: Setting CVar [[net.UseAdaptiveNetUpdateFrequency:0]]
[2022.07.16-03.43.42:986][  0]LogConfig: Setting CVar [[p.chaos.AllowCreatePhysxBodies:1]]
[2022.07.16-03.43.42:986][  0]LogConfig: Setting CVar [[fx.SkipVectorVMBackendOptimizations:1]]
[2022.07.16-03.43.42:986][  0]LogConfig: Applying CVar settings from Section [ConsoleVariables] File [C:/Users/dchuntes/Documents/GMTKJam/GMTK_Gamejam_2022/Saved/Config/Windows/Engine.ini]
[2022.07.16-03.43.42:986][  0]LogConfig: Applying CVar settings from Section [ConsoleVariables] File [C:/Users/dchuntes/Documents/GMTKJam/GMTK_Gamejam_2022/Saved/Config/Windows/Editor.ini]
[2022.07.16-03.43.42:986][  0]LogInit: Computer: DCHUNTES-PC
[2022.07.16-03.43.42:986][  0]LogInit: User: dchuntes
[2022.07.16-03.43.42:986][  0]LogInit: CPU Page size=4096, Cores=10
[2022.07.16-03.43.42:986][  0]LogInit: High frequency timer resolution =10.000000 MHz
[2022.07.16-03.43.42:986][  0]LogMemory: Memory total: Physical=63.9GB (64GB approx)
[2022.07.16-03.43.42:986][  0]LogMemory: Platform Memory Stats for Windows
[2022.07.16-03.43.42:986][  0]LogMemory: Process Physical Memory: 151.06 MB used, 151.06 MB peak
[2022.07.16-03.43.42:986][  0]LogMemory: Process Virtual Memory: 134.27 MB used, 134.27 MB peak
[2022.07.16-03.43.42:986][  0]LogMemory: Physical Memory: 12268.53 MB used,  53113.95 MB free, 65382.48 MB total
[2022.07.16-03.43.42:986][  0]LogMemory: Virtual Memory: 134160664.00 MB used,  57063.84 MB free, 134217728.00 MB total
[2022.07.16-03.43.42:990][  0]LogWindows: WindowsPlatformFeatures enabled
[2022.07.16-03.43.43:015][  0]LogInit: Physics initialised using underlying interface: PhysX
[2022.07.16-03.43.43:016][  0]LogInit: Using OS detected language (en-US).
[2022.07.16-03.43.43:016][  0]LogInit: Using OS detected locale (en-US).
[2022.07.16-03.43.43:018][  0]LogTextLocalizationManager: No specific localization for 'en-US' exists, so the 'en' localization will be used.
[2022.07.16-03.43.43:189][  0]LogInit: Setting process to per monitor DPI aware
[2022.07.16-03.43.43:197][  0]LogWindowsTextInputMethodSystem: Display: IME system deactivated.
[2022.07.16-03.43.43:207][  0]LogSlate: New Slate User Created.  User Index 0, Is Virtual User: 0
[2022.07.16-03.43.43:207][  0]LogSlate: Slate User Registered.  User Index 0, Is Virtual User: 0
[2022.07.16-03.43.43:304][  0]LogD3D11RHI: Loaded GFSDK_Aftermath_Lib.x64.dll
[2022.07.16-03.43.43:306][  0]LogHMD: Failed to initialize OpenVR with code 110
[2022.07.16-03.43.43:306][  0]LogD3D11RHI: D3D11 min allowed feature level: 11_0
[2022.07.16-03.43.43:306][  0]LogD3D11RHI: D3D11 max allowed feature level: 11_0
[2022.07.16-03.43.43:306][  0]LogD3D11RHI: D3D11 adapters:
[2022.07.16-03.43.43:379][  0]LogD3D11RHI:    0. 'NVIDIA GeForce RTX 3080' (Feature Level 11_0)
[2022.07.16-03.43.43:379][  0]LogD3D11RHI:       10078/0/32691 MB DedicatedVideo/DedicatedSystem/SharedSystem, Outputs:2, VendorId:0x10de
[2022.07.16-03.43.43:407][  0]LogD3D11RHI:    1. 'Intel(R) UHD Graphics 630' (Feature Level 11_0)
[2022.07.16-03.43.43:407][  0]LogD3D11RHI:       128/0/32691 MB DedicatedVideo/DedicatedSystem/SharedSystem, Outputs:0, VendorId:0x8086
[2022.07.16-03.43.43:409][  0]LogD3D11RHI:    2. 'Microsoft Basic Render Driver' (Feature Level 11_0)
[2022.07.16-03.43.43:409][  0]LogD3D11RHI:       0/0/32691 MB DedicatedVideo/DedicatedSystem/SharedSystem, Outputs:0, VendorId:0x1414
[2022.07.16-03.43.43:409][  0]LogD3D11RHI: Chosen D3D11 Adapter:
[2022.07.16-03.43.43:409][  0]LogD3D11RHI:     Description : NVIDIA GeForce RTX 3080
[2022.07.16-03.43.43:409][  0]LogD3D11RHI:     VendorId    : 10de
[2022.07.16-03.43.43:409][  0]LogD3D11RHI:     DeviceId    : 2206
[2022.07.16-03.43.43:409][  0]LogD3D11RHI:     SubSysId    : 146710de
[2022.07.16-03.43.43:409][  0]LogD3D11RHI:     Revision    : 00a1
[2022.07.16-03.43.43:409][  0]LogD3D11RHI:     DedicatedVideoMemory : 10567548928 bytes
[2022.07.16-03.43.43:409][  0]LogD3D11RHI:     DedicatedSystemMemory : 0 bytes
[2022.07.16-03.43.43:409][  0]LogD3D11RHI:     SharedSystemMemory : 34279247872 bytes
[2022.07.16-03.43.43:409][  0]LogD3D11RHI:     AdapterLuid : 0 72858
[2022.07.16-03.43.43:413][  0]LogD3D11RHI: Creating new Direct3DDevice
[2022.07.16-03.43.43:413][  0]LogD3D11RHI:     GPU DeviceId: 0x2206 (for the marketing name, search the web for "GPU Device Id")
[2022.07.16-03.43.43:413][  0]LogWindows: EnumDisplayDevices:
[2022.07.16-03.43.43:413][  0]LogWindows:    0. 'NVIDIA GeForce RTX 3080' (P:0 D:1)
[2022.07.16-03.43.43:413][  0]LogWindows:    1. 'NVIDIA GeForce RTX 3080' (P:1 D:1)
[2022.07.16-03.43.43:413][  0]LogWindows:    2. 'NVIDIA GeForce RTX 3080' (P:0 D:0)
[2022.07.16-03.43.43:413][  0]LogWindows:    3. 'NVIDIA GeForce RTX 3080' (P:0 D:0)
[2022.07.16-03.43.43:413][  0]LogWindows:    4. 'Intel(R) UHD Graphics 630' (P:0 D:0)
[2022.07.16-03.43.43:413][  0]LogWindows:    5. 'Intel(R) UHD Graphics 630' (P:0 D:0)
[2022.07.16-03.43.43:413][  0]LogWindows:    6. 'Intel(R) UHD Graphics 630' (P:0 D:0)
[2022.07.16-03.43.43:414][  0]LogWindows: DebugString: PrimaryIsNotTheChoosenAdapter PrimaryIsNotTheChoosenAdapter PrimaryIsNotTheChoosenAdapter FoundDriverCount:4 
[2022.07.16-03.43.43:414][  0]LogD3D11RHI:     Adapter Name: NVIDIA GeForce RTX 3080
[2022.07.16-03.43.43:414][  0]LogD3D11RHI:   Driver Version: 471.11 (internal:30.0.14.7111, unified:471.11)
[2022.07.16-03.43.43:414][  0]LogD3D11RHI:      Driver Date: 6-21-2021
[2022.07.16-03.43.43:414][  0]LogRHI: Texture pool is 7054 MB (70% of 10078 MB)
[2022.07.16-03.43.43:414][  0]LogD3D11RHI: Creating D3DDevice using adapter:
[2022.07.16-03.43.43:414][  0]LogD3D11RHI:     Description : NVIDIA GeForce RTX 3080
[2022.07.16-03.43.43:414][  0]LogD3D11RHI:     VendorId    : 10de
[2022.07.16-03.43.43:414][  0]LogD3D11RHI:     DeviceId    : 2206
[2022.07.16-03.43.43:414][  0]LogD3D11RHI:     SubSysId    : 146710de
[2022.07.16-03.43.43:414][  0]LogD3D11RHI:     Revision    : 00a1
[2022.07.16-03.43.43:414][  0]LogD3D11RHI:     DedicatedVideoMemory : 10567548928 bytes
[2022.07.16-03.43.43:414][  0]LogD3D11RHI:     DedicatedSystemMemory : 0 bytes
[2022.07.16-03.43.43:414][  0]LogD3D11RHI:     SharedSystemMemory : 34279247872 bytes
[2022.07.16-03.43.43:414][  0]LogD3D11RHI:     AdapterLuid : 0 72858
[2022.07.16-03.43.43:471][  0]LogD3D11RHI: RHI has support for 64 bit atomics
[2022.07.16-03.43.43:471][  0]LogD3D11RHI: Async texture creation enabled
[2022.07.16-03.43.43:471][  0]LogD3D11RHI: Array index from any shader is supported
[2022.07.16-03.43.43:490][  0]LogD3D11RHI: GPU Timing Frequency: 1000.000000 (Debug: 2 2)
[2022.07.16-03.43.43:518][  0]LogRHI: GeForceNow SDK initialized: 1
[2022.07.16-03.43.43:734][  0]LogTargetPlatformManager: Display: Loaded TargetPlatform 'AllDesktop'
[2022.07.16-03.43.43:749][  0]LogTargetPlatformManager: Display: Loaded TargetPlatform 'Android'
[2022.07.16-03.43.43:749][  0]LogTargetPlatformManager: Display: Loaded TargetPlatform 'Android_ASTC'
[2022.07.16-03.43.43:749][  0]LogTargetPlatformManager: Display: Loaded TargetPlatform 'Android_DXT'
[2022.07.16-03.43.43:749][  0]LogTargetPlatformManager: Display: Loaded TargetPlatform 'Android_ETC2'
[2022.07.16-03.43.43:749][  0]LogTargetPlatformManager: Display: Loaded TargetPlatform 'AndroidClient'
[2022.07.16-03.43.43:749][  0]LogTargetPlatformManager: Display: Loaded TargetPlatform 'Android_ASTCClient'
[2022.07.16-03.43.43:749][  0]LogTargetPlatformManager: Display: Loaded TargetPlatform 'Android_DXTClient'
[2022.07.16-03.43.43:749][  0]LogTargetPlatformManager: Display: Loaded TargetPlatform 'Android_ETC2Client'
[2022.07.16-03.43.43:749][  0]LogTargetPlatformManager: Display: Loaded TargetPlatform 'Android_Multi'
[2022.07.16-03.43.43:749][  0]LogTargetPlatformManager: Display: Loaded TargetPlatform 'Android_MultiClient'
[2022.07.16-03.43.43:761][  0]LogTargetPlatformManager: Display: Loaded TargetPlatform 'IOSClient'
[2022.07.16-03.43.43:762][  0]LogTargetPlatformManager: Display: Loaded TargetPlatform 'IOS'
[2022.07.16-03.43.43:769][  0]LogTargetPlatformManager: Display: Loaded TargetPlatform 'Linux'
[2022.07.16-03.43.43:772][  0]LogTargetPlatformManager: Display: Loaded TargetPlatform 'LinuxNoEditor'
[2022.07.16-03.43.43:775][  0]LogTargetPlatformManager: Display: Loaded TargetPlatform 'LinuxClient'
[2022.07.16-03.43.43:778][  0]LogTargetPlatformManager: Display: Loaded TargetPlatform 'LinuxServer'
[2022.07.16-03.43.43:785][  0]LogTargetPlatformManager: Display: Loaded TargetPlatform 'LinuxAArch64NoEditor'
[2022.07.16-03.43.43:787][  0]LogTargetPlatformManager: Display: Loaded TargetPlatform 'LinuxAArch64Client'
[2022.07.16-03.43.43:790][  0]LogTargetPlatformManager: Display: Loaded TargetPlatform 'LinuxAArch64Server'
[2022.07.16-03.43.43:808][  0]LogTargetPlatformManager: Display: Loaded TargetPlatform 'Lumin'
[2022.07.16-03.43.43:808][  0]LogTargetPlatformManager: Display: Loaded TargetPlatform 'LuminClient'
[2022.07.16-03.43.43:814][  0]LogTargetPlatformManager: Display: Loaded TargetPlatform 'MacNoEditor'
[2022.07.16-03.43.43:817][  0]LogTargetPlatformManager: Display: Loaded TargetPlatform 'Mac'
[2022.07.16-03.43.43:820][  0]LogTargetPlatformManager: Display: Loaded TargetPlatform 'MacClient'
[2022.07.16-03.43.43:823][  0]LogTargetPlatformManager: Display: Loaded TargetPlatform 'MacServer'
[2022.07.16-03.43.43:830][  0]LogTargetPlatformManager: Display: Loaded TargetPlatform 'TVOSClient'
[2022.07.16-03.43.43:830][  0]LogTargetPlatformManager: Display: Loaded TargetPlatform 'TVOS'
[2022.07.16-03.43.43:836][  0]LogTargetPlatformManager: Display: Loaded TargetPlatform 'WindowsNoEditor'
[2022.07.16-03.43.43:840][  0]LogTargetPlatformManager: Display: Loaded TargetPlatform 'Windows'
[2022.07.16-03.43.43:843][  0]LogTargetPlatformManager: Display: Loaded TargetPlatform 'WindowsClient'
[2022.07.16-03.43.43:846][  0]LogTargetPlatformManager: Display: Loaded TargetPlatform 'WindowsServer'
[2022.07.16-03.43.43:846][  0]LogTargetPlatformManager: Display: Building Assets For Windows
[2022.07.16-03.43.43:850][  0]LogAudioDebug: Display: Lib vorbis DLL was dynamically loaded.
[2022.07.16-03.43.43:870][  0]LogTextureFormatOodle: Display: Oodle Texture 2.9.0 init RDO Off
[2022.07.16-03.43.43:891][  0]LogRendererCore: Ray tracing is disabled. Reason: r.RayTracing=0.
[2022.07.16-03.43.43:891][  0]LogShaderCompilers: Guid format shader working directory is -5 characters bigger than the processId version (C:/Users/dchuntes/Documents/GMTKJam/GMTK_Gamejam_2022/Intermediate/Shaders/WorkingDirectory/11520/).
[2022.07.16-03.43.43:891][  0]LogShaderCompilers: Cleaned the shader compiler working directory 'C:/Users/dchuntes/AppData/Local/Temp/UnrealShaderWorkingDir/DBFB1392470932103016E7BCF0219576/'.
[2022.07.16-03.43.43:891][  0]LogXGEController: Cannot use XGE Controller as Incredibuild is not installed on this machine.
[2022.07.16-03.43.43:891][  0]LogShaderCompilers: Cannot use XGE Shader Compiler as Incredibuild is not installed on this machine.
[2022.07.16-03.43.43:891][  0]LogShaderCompilers: Display: Using Local Shader Compiler.
[2022.07.16-03.43.44:477][  0]LogDerivedDataCache: Display: Max Cache Size: 512 MB
[2022.07.16-03.43.44:523][  0]LogDerivedDataCache: Loaded boot cache 0.05s 94MB C:/Users/dchuntes/AppData/Local/UnrealEngine/4.27/DerivedDataCache/Boot.ddc.
[2022.07.16-03.43.44:523][  0]LogDerivedDataCache: Display: Loaded Boot cache: C:/Users/dchuntes/AppData/Local/UnrealEngine/4.27/DerivedDataCache/Boot.ddc
[2022.07.16-03.43.44:523][  0]LogDerivedDataCache: FDerivedDataBackendGraph:  Pak pak cache file C:/Users/dchuntes/Documents/GMTKJam/GMTK_Gamejam_2022/DerivedDataCache/DDC.ddp not found, will not use a pak cache.
[2022.07.16-03.43.44:523][  0]LogDerivedDataCache: Unable to find inner node Pak for hierarchical cache Hierarchy.
[2022.07.16-03.43.44:524][  0]LogDerivedDataCache: FDerivedDataBackendGraph:  CompressedPak pak cache file C:/Users/dchuntes/Documents/GMTKJam/GMTK_Gamejam_2022/DerivedDataCache/Compressed.ddp not found, will not use a pak cache.
[2022.07.16-03.43.44:524][  0]LogDerivedDataCache: Unable to find inner node CompressedPak for hierarchical cache Hierarchy.
[2022.07.16-03.43.44:536][  0]LogDerivedDataCache: Display: Pak cache opened for reading ../../../Engine/DerivedDataCache/Compressed.ddp.
[2022.07.16-03.43.44:536][  0]LogDerivedDataCache: FDerivedDataBackendGraph:  EnterprisePak pak cache file ../../../Enterprise/DerivedDataCache/Compressed.ddp not found, will not use a pak cache.
[2022.07.16-03.43.44:536][  0]LogDerivedDataCache: Unable to find inner node EnterprisePak for hierarchical cache Hierarchy.
[2022.07.16-03.43.44:541][  0]LogDerivedDataCache: Speed tests for C:/Users/dchuntes/AppData/Local/UnrealEngine/Common/DerivedDataCache took 0.00 seconds
[2022.07.16-03.43.44:541][  0]LogDerivedDataCache: Display: Performance to C:/Users/dchuntes/AppData/Local/UnrealEngine/Common/DerivedDataCache: Latency=0.04ms. RandomReadSpeed=1468.93MBs, RandomWriteSpeed=253.10MBs. Assigned SpeedClass 'Local'
[2022.07.16-03.43.44:542][  0]LogDerivedDataCache: Using Local data cache path C:/Users/dchuntes/AppData/Local/UnrealEngine/Common/DerivedDataCache: Writable
[2022.07.16-03.43.44:542][  0]LogDerivedDataCache: Shared data cache path not found in *engine.ini, will not use an Shared cache.
[2022.07.16-03.43.44:542][  0]LogDerivedDataCache: Unable to find inner node Shared for hierarchical cache Hierarchy.
[2022.07.16-03.43.44:578][  0]LogSlate: Using FreeType 2.10.0
[2022.07.16-03.43.44:578][  0]LogSlate: SlateFontServices - WITH_FREETYPE: 1, WITH_HARFBUZZ: 1
[2022.07.16-03.43.44:595][  0]LogAssetRegistry: FAssetRegistry took 0.0020 seconds to start up
[2022.07.16-03.43.44:773][  0]LogInit: Selected Device Profile: [Windows]
[2022.07.16-03.43.44:773][  0]LogInit: Active device profile: [0000017423934900][0000017423490980 49] Windows
[2022.07.16-03.43.44:773][  0]LogInit: Profiles: [0000017423934900][0000017423490980 49] Windows, [00000174238F7800][0000017423498B00 49] WindowsNoEditor, [0000017423937500][000001742349CC80 49] WindowsServer, [00000174238F4E00][00000174234A0E00 49] WindowsClient, [0000017423937800][00000174234A4F80 49] IOS, [00000174238F6800][00000174234A9100 49] iPadAir, [0000017423936000][00000174234AD280 49] iPadAir2, [0000017424CB0A00][00000174234B5540 49] IPadPro, [0000017424CB0B00][00000174234B1580 49] iPadAir3, [00000174238F5900][00000174234B9700 49] iPadAir4, [0000017424CB3400][00000174234BD880 49] iPadMini2, [00000174238F6A00][00000174234C1A00 49] iPadMini3, [0000017424CB1700][00000174234C5B80 49] iPadMini4, [0000017423935100][00000174234C8180 49] iPadMini5, [0000017424CC8300][00000174234D0440 49] iPhone6, [0000017424CC8400][00000174234CC480 49] iPodTouch6, [0000017424CA3F00][00000174234D8740 49] iPhone7, [0000017424CA3E00][00000174234D4780 49] iPodTouch7, [00000174238F6000][00000174234948C0 49] iPhone5S, [0000017424CA1A00][00000174234DCA00 49] iPhone6Plus, [0000017424CC8200][0000017424742B40 49] iPhone6S, [0000017424CA0600][000001742474ACC0 49] iPhone6SPlus, [0000017424CCA900][000001742474EE40 49] iPhone7Plus, [0000017424CA3100][0000017424752FC0 49] iPhoneSE, [0000017424CCA200][0000017424769140 49] iPhone8, [0000017424CA3B00][00000174190292C0 49] iPhone8Plus, [0000017424CC8A00][0000017419039440 49] iPhoneX, [0000017424CA1400][000001741903D5C0 49] iPhoneXS, [0000017424CCB900][0000017419041740 49] iPhoneXSMax, [0000017424CA0900][00000174190458C0 49] iPhoneXR, [0000017424CCAF00][0000017419049A40 49] iPhone11, [0000017424CA1300][000001741904DBC0 49] iPhone11Pro, [0000017424CC9000][00000174190501C0 49] iPhone11ProMax, [0000017424CA2A00][0000017419054340 49] iPhoneSE2, [0000017424CC9400][00000174190584C0 49] iPhone12Mini, [0000017424CA2400][000001741905C640 49] iPhone12, [0000017424CC8D00][00000174190607C0 49] iPhone12Pro, [0000017424CA2B00][0000017419064940 49] iPhone12ProMax, [0000017424CCB000][0000017424746A80 49] iPadPro105, [0000017424CA0700][0000017419068BC0 49] iPadPro129, [0000017424CCA800][000001741906CD00 49] iPadPro97, [0000017424CA2600][0000017419078E80 49] iPadPro2_129, [0000017424CCBC00][0000017419087000 49] iPad5, [0000017424CA2200][000001741908B180 49] iPad6, [0000017424CC8F00][00000174190A1300 49] iPad7, [0000017424CA2D00][00000174190A5480 49] iPad8, [0000017424CC9100][00000174190AD600 49] iPadPro11, [0000017424CA1600][00000174190B1780 49] iPadPro2_11, [0000017424CCB400][00000174190B5900 49] iPadPro3_129, [0000017424CA2800][00000174190B9A80 49] iPadPro4_129, [0000017424CCBA00][00000174190BDC00 49] AppleTV, [0000017424CA2100][0000017418768200 49] AppleTV4K, [0000017424CC9F00][000001741876C380 49] TVOS, [0000017424CA3400][0000017418770500 49] Mac, [0000017424CCB800][0000017418774680 49] MacClient, [0000017424CA1E00][0000017418778800 49] MacNoEditor, [0000017424CCBF00][000001741877C980 49] MacServer, [0000017424CA3500][0000017418780B00 49] Linux, [0000017424CC8C00][0000017419074C40 49] LinuxAArch64, [0000017424CA2F00][0000017418784D80 49] LinuxNoEditor, [0000017424CC8B00][0000017418788EC0 49] LinuxAArch64NoEditor, [0000017424CA3700][0000017418791040 49] LinuxClient, [0000017424CC9A00][00000174187951C0 49] LinuxAArch64Client, [0000017424CA1000][0000017418799340 49] LinuxServer, [0000017424CCA500][000001741879D4C0 49] LinuxAArch64Server, [0000017424CA1900][00000174187A1640 49] Android, [0000017424CC9300][00000174187A57C0 49] Android_Low, [0000017424CA2700][00000174187A9940 49] Android_Mid, [0000017424CCAB00][00000174187ADAC0 49] Android_High, [0000017424CA3800][00000174187B00C0 49] Android_Default, [0000017424CC9600][00000174187B4240 49] Android_Adreno4xx, [0000017424CA1500][00000174187B83C0 49] Android_Adreno5xx_Low, [0000017424CB3600][00000174187BC540 49] Android_Adreno5xx, [00000174238F5800][00000174187C06C0 49] Android_Adreno6xx, [0000017424CB1200][00000174187C4840 49] Android_Adreno6xx_Vulkan, [00000174238F7C00][00000174187C89C0 49] Android_Mali_T6xx, [0000017424CB1100][00000174187CCB40 49] Android_Mali_T7xx, [00000174238F5600][00000174187D0CC0 49] Android_Mali_T8xx, [0000017424CB1E00][000001741878CE00 49] Android_Mali_G71, [00000174238F4500][00000174187D4F40 49] Android_Mali_G72, [0000017424CB0800][00000174187D9080 49] Android_Mali_G72_Vulkan, [00000174238F5300][00000174187DD1C0 49] Android_Mali_G76, [0000017424CB0100][0000017418F6D340 49] Android_Mali_G76_Vulkan, [00000174238F5F00][0000017418F714C0 49] Android_Mali_G77, [0000017424CB1000][0000017418F75640 49] Android_Mali_G77_Vulkan, [00000174238F4A00][0000017418F797C0 49] Android_Mali_G78, [0000017424CB2C00][0000017418F7D940 49] Android_Mali_G78_Vulkan, [00000174238F7600][0000017418F81AC0 49] Android_Mali_G710, [0000017424CB2A00][0000017418F840C0 49] Android_Mali_G710_Vulkan, [00000174238F7F00][0000017418F88240 49] Android_Vulkan_SM5, [0000017424CB3B00][0000017418F8C3C0 49] Android_PowerVR_G6xxx, [00000174238F7B00][0000017418F90540 49] Android_PowerVR_GT7xxx, [0000017424CB3900][0000017418F946C0 49] Android_PowerVR_GE8xxx, [00000174238F4C00][0000017418F98840 49] Android_PowerVR_GM9xxx, [0000017424CB2700][0000017418F9C9C0 49] Android_PowerVR_GM9xxx_Vulkan, [00000174238F6700][0000017418FA0B40 49] Android_TegraK1, [0000017424CB0900][0000017418FA4CC0 49] Android_Unknown_Vulkan, [00000174238F5D00][0000017418FA8E40 49] Lumin, [0000017424CB0500][0000017418F68F80 49] Lumin_Desktop, [00000174238F7300][0000017418FAD0C0 49] HoloLens, 
[2022.07.16-03.43.44:900][  0]LogMeshReduction: Using QuadricMeshReduction for automatic static mesh reduction
[2022.07.16-03.43.44:900][  0]LogMeshReduction: Using SimplygonMeshReduction for automatic skeletal mesh reduction
[2022.07.16-03.43.44:900][  0]LogMeshReduction: Using ProxyLODMeshReduction for automatic mesh merging
[2022.07.16-03.43.44:900][  0]LogMeshReduction: No distributed automatic mesh merging module available
[2022.07.16-03.43.44:900][  0]LogMeshMerging: No distributed automatic mesh merging module available
[2022.07.16-03.43.44:913][  0]LogNetVersion: GMTK_Gamejam_2022 1.0.0, NetCL: 17155196, EngineNetVer: 17, GameNetVer: 0 (Checksum: 2602157719)
[2022.07.16-03.43.45:176][  0]LogTexture: Default maximum texture size for cubemaps generated from long-lat sources has been changed from 512 to unlimited. In order to preserve old behaiour for '/Engine/MapTemplates/Sky/DaylightAmbientCubemap.DaylightAmbientCubemap', its maximum texture size has been explicitly set to 512.
[2022.07.16-03.43.45:216][  0]LogHMD: PokeAHoleMaterial loaded successfully
[2022.07.16-03.43.45:221][  0]LogUObjectArray: 17178 objects as part of root set at end of initial load.
[2022.07.16-03.43.45:221][  0]LogUObjectAllocator: 4302048 out of 0 bytes used by permanent object pool.
[2022.07.16-03.43.45:221][  0]LogUObjectArray: CloseDisregardForGC: 0/0 objects in disregard for GC pool
[2022.07.16-03.43.45:386][  0]LogPython: Using Python 3.7.7
[2022.07.16-03.43.45:833][  0]LogNiagaraDebuggerClient: Niagara Debugger Client Initialized | Session: C62D0AE44A0B4D70C72849AF749E73C0 | Instance: 8291F018444E794BAF13E59A0EA57EF5 (DCHUNTES-PC-11520).
[2022.07.16-03.43.45:873][  0]LogTcpMessaging: Initializing TcpMessaging bridge
[2022.07.16-03.43.45:876][  0]LogUdpMessaging: Initializing bridge on interface 0.0.0.0:0 to multicast group 230.0.0.1:6666.
[2022.07.16-03.43.46:082][  0]SourceControl: Source control is disabled
[2022.07.16-03.43.46:391][  0]LogUProjectInfo: Found projects:
[2022.07.16-03.43.46:424][  0]LogOpenImageDenoise: OIDN starting up
[2022.07.16-03.43.46:459][  0]LogAndroidPermission: UAndroidPermissionCallbackProxy::GetInstance
[2022.07.16-03.43.46:474][  0]LogAudioCaptureCore: Display: No Audio Capture implementations found. Audio input will be silent.
[2022.07.16-03.43.46:474][  0]LogAudioCaptureCore: Display: No Audio Capture implementations found. Audio input will be silent.
[2022.07.16-03.43.46:560][  0]LogCollectionManager: Loaded 0 collections in 0.000489 seconds
[2022.07.16-03.43.46:577][  0]LogFileCache: Scanning file cache for directory 'C:/Users/dchuntes/Documents/GMTKJam/GMTK_Gamejam_2022/Saved/Collections/' took 0.00s
[2022.07.16-03.43.46:577][  0]LogFileCache: Scanning file cache for directory 'C:/Users/dchuntes/Documents/GMTKJam/GMTK_Gamejam_2022/Content/Developers/dchuntes/Collections/' took 0.00s
[2022.07.16-03.43.46:577][  0]LogFileCache: Scanning file cache for directory 'C:/Users/dchuntes/Documents/GMTKJam/GMTK_Gamejam_2022/Content/Collections/' took 0.00s
[2022.07.16-03.43.46:577][  0]LogOcInput: OculusInput pre-init called
[2022.07.16-03.43.46:734][  0]LogEngine: Initializing Engine...
[2022.07.16-03.43.46:736][  0]LogHMD: Failed to enumerate extensions. Please check that you have a valid OpenXR runtime installed.
[2022.07.16-03.43.46:736][  0]LogHMD: Failed to initialize OpenVR with code 110
[2022.07.16-03.43.46:736][  0]LogMagicLeap: Warning: VR disabled because ZI is not enabled.  To enable, in the editor, Edit -> Project Settings -> Plugins -> Magic Leap Plugin -> Enable Zero Iteration
[2022.07.16-03.43.46:737][  0]LogStats: UGameplayTagsManager::InitializeManager -  0.000 s
[2022.07.16-03.43.46:835][  0]LogInit: Initializing FReadOnlyCVARCache
[2022.07.16-03.43.46:840][  0]LogAIModule: Creating AISystem for world Untitled
[2022.07.16-03.43.46:840][  0]LogAudio: Display: Initializing Audio Device Manager...
[2022.07.16-03.43.46:842][  0]LogAudio: Display: Loading Default Audio Settings Objects...
[2022.07.16-03.43.46:843][  0]LogAudio: Display: No default SoundConcurrencyObject specified (or failed to load).
[2022.07.16-03.43.46:843][  0]LogAudio: Display: Audio Device Manager Initialized
[2022.07.16-03.43.46:843][  0]LogAudio: Display: Creating Audio Device:                 Id: 1, Scope: Shared, Realtime: True
[2022.07.16-03.43.46:843][  0]LogAudioMixer: Display: Audio Mixer Platform Settings:
[2022.07.16-03.43.46:843][  0]LogAudioMixer: Display: 	Sample Rate:						  48000
[2022.07.16-03.43.46:843][  0]LogAudioMixer: Display: 	Callback Buffer Frame Size Requested: 1024
[2022.07.16-03.43.46:843][  0]LogAudioMixer: Display: 	Callback Buffer Frame Size To Use:	  1024
[2022.07.16-03.43.46:843][  0]LogAudioMixer: Display: 	Number of buffers to queue:			  2
[2022.07.16-03.43.46:843][  0]LogAudioMixer: Display: 	Max Channels (voices):				  32
[2022.07.16-03.43.46:843][  0]LogAudioMixer: Display: 	Number of Async Source Workers:		  0
[2022.07.16-03.43.46:843][  0]LogAudio: Display: AudioDevice MaxSources: 32
[2022.07.16-03.43.46:843][  0]LogAudio: Display: Audio Spatialization Plugin: None (built-in).
[2022.07.16-03.43.46:843][  0]LogAudio: Display: Audio Reverb Plugin: None (built-in).
[2022.07.16-03.43.46:843][  0]LogAudio: Display: Audio Occlusion Plugin: None (built-in).
[2022.07.16-03.43.46:843][  0]LogAudioMixer: Display: Initializing audio mixer.
[2022.07.16-03.43.46:855][  0]LogAudioMixer: Display: 0: FrontLeft
[2022.07.16-03.43.46:855][  0]LogAudioMixer: Display: 1: FrontRight
[2022.07.16-03.43.46:866][  0]LogAudioMixer: Display: Using Audio Device Speakers (HyperX Cloud II Wireless)
[2022.07.16-03.43.46:869][  0]LogAudioMixer: Display: Initializing Sound Submixes...
[2022.07.16-03.43.46:871][  0]LogAudioMixer: Display: Creating Master Submix 'MasterSubmixDefault'
[2022.07.16-03.43.46:871][  0]LogAudioMixer: Display: Creating Master Submix 'MasterReverbSubmixDefault'
[2022.07.16-03.43.46:872][  0]LogAudioMixer: Display: Creating Master Submix 'MasterEQSubmixDefault'
[2022.07.16-03.43.46:872][  0]LogAudioMixer: FMixerPlatformXAudio2::StartAudioStream() called
[2022.07.16-03.43.46:872][  0]LogAudioMixer: Display: Output buffers initialized: Frames=1024, Channels=2, Samples=2048
[2022.07.16-03.43.46:872][  0]LogAudioMixer: Display: Starting AudioMixerPlatformInterface::RunInternal()
[2022.07.16-03.43.46:872][  0]LogAudioMixer: Display: FMixerPlatformXAudio2::SubmitBuffer() called for the first time
[2022.07.16-03.43.46:872][  0]LogInit: FAudioDevice initialized.
[2022.07.16-03.43.46:873][  0]LogAudio: Display: Audio Device (ID: 1) registered with world 'Untitled'.
[2022.07.16-03.43.46:873][  0]LogNetVersion: Set ProjectVersion to 1.0.0.0. Version Checksum will be recalculated on next use.
[2022.07.16-03.43.46:916][  0]LogDerivedDataCache: Saved boot cache 0.04s 94MB C:/Users/dchuntes/AppData/Local/UnrealEngine/4.27/DerivedDataCache/Boot.ddc.
[2022.07.16-03.43.46:916][  0]LogInit: Texture streaming: Enabled
[2022.07.16-03.43.46:924][  0]LogAnalytics: Display: [UEEditor.Rocket.Release] APIServer = https://datarouter.ol.epicgames.com/. AppVersion = 4.27.2-18319896+++UE4+Release-4.27
[2022.07.16-03.43.46:926][  0]LogEngineSessionManager: EngineSessionManager initialized
[2022.07.16-03.43.46:926][  0]LogEditorSessionSummary: Verbose: Initializing EditorSessionSummaryWriter for editor session tracking
[2022.07.16-03.43.46:928][  0]LogEditorSessionSummary: EditorSessionSummaryWriter initialized
[2022.07.16-03.43.46:949][  0]LogInit: Transaction tracking system initialized
[2022.07.16-03.43.46:962][  0]BlueprintLog: New page: Editor Load
[2022.07.16-03.43.47:000][  0]LocalizationService: Localization service is disabled
[2022.07.16-03.43.47:015][  0]TimingProfiler: Initialize
[2022.07.16-03.43.47:015][  0]TimingProfiler: OnSessionChanged
[2022.07.16-03.43.47:015][  0]LoadingProfiler: Initialize
[2022.07.16-03.43.47:015][  0]LoadingProfiler: OnSessionChanged
[2022.07.16-03.43.47:015][  0]NetworkingProfiler: Initialize
[2022.07.16-03.43.47:015][  0]NetworkingProfiler: OnSessionChanged
[2022.07.16-03.43.47:015][  0]MemoryProfiler: Initialize
[2022.07.16-03.43.47:015][  0]MemoryProfiler: OnSessionChanged
[2022.07.16-03.43.47:108][  0]LogCook: Display: CookSettings for Memory: MemoryMaxUsedVirtual 0MiB, MemoryMaxUsedPhysical 16384MiB, MemoryMinFreeVirtual 0MiB, MemoryMinFreePhysical 1024MiB
[2022.07.16-03.43.47:108][  0]LogCook: Display: Mobile HDR setting 1
[2022.07.16-03.43.47:232][  0]LogFileCache: Scanning file cache for directory 'C:/Users/dchuntes/Documents/GMTKJam/GMTK_Gamejam_2022/Content/' took 0.01s
[2022.07.16-03.43.47:347][  0]LogInit: Display: Engine is initialized. Leaving FEngineLoop::Init()
[2022.07.16-03.43.47:349][  0]LogUnrealEdMisc: Loading editor; pre map load, took 5.408
[2022.07.16-03.43.47:349][  0]Cmd: MAP LOAD FILE="C:/Users/dchuntes/Documents/GMTKJam/GMTK_Gamejam_2022/Content/ThirdPersonBP/Maps/ThirdPersonExampleMap.umap" TEMPLATE=0 SHOWPROGRESS=1 FEATURELEVEL=3
[2022.07.16-03.43.47:350][  0]LightingResults: New page: Lighting Build
[2022.07.16-03.43.47:351][  0]LogWorld: UWorld::CleanupWorld for Untitled, bSessionEnded=true, bCleanupResources=true
[2022.07.16-03.43.47:351][  0]LogSlate: InvalidateAllWidgets triggered.  All widgets were invalidated
[2022.07.16-03.43.47:351][  0]MapCheck: New page: Map Check
[2022.07.16-03.43.47:351][  0]LightingResults: New page: Lighting Build
[2022.07.16-03.43.47:354][  0]LogAudio: Display: Audio Device unregistered from world 'None'.
[2022.07.16-03.43.47:356][  0]LogUObjectHash: Compacting FUObjectHashTables data took   0.62ms
[2022.07.16-03.43.47:505][  0]LogAudio: Display: Audio Device (ID: 1) registered with world 'ThirdPersonExampleMap'.
[2022.07.16-03.43.47:506][  0]LogAIModule: Creating AISystem for world ThirdPersonExampleMap
[2022.07.16-03.43.47:510][  0]LogEditorServer: Finished looking for orphan Actors (0.000 secs)
[2022.07.16-03.43.47:516][  0]LogUObjectHash: Compacting FUObjectHashTables data took   0.71ms
[2022.07.16-03.43.47:516][  0]Cmd: MAP CHECKDEP NOCLEARLOG
[2022.07.16-03.43.47:516][  0]MapCheck: Map check complete: 0 Error(s), 0 Warning(s), took 0.128ms to complete.
[2022.07.16-03.43.47:516][  0]LogFileHelpers: Loading map 'ThirdPersonExampleMap' took 0.166
[2022.07.16-03.43.47:517][  0]LogUnrealEdMisc: Total Editor Startup Time, took 5.575
[2022.07.16-03.43.47:640][  0]LogSlate: Updating window title bar state: overlay mode, drag disabled, window buttons hidden, title bar hidden
[2022.07.16-03.43.47:644][  0]LogSlate: Updating window title bar state: overlay mode, drag disabled, window buttons hidden, title bar hidden
[2022.07.16-03.43.47:651][  0]LogSlate: Updating window title bar state: overlay mode, drag disabled, window buttons hidden, title bar hidden
[2022.07.16-03.43.47:656][  0]LogSlate: Updating window title bar state: overlay mode, drag disabled, window buttons hidden, title bar hidden
[2022.07.16-03.43.47:670][  0]LogNativeClassHierarchy: Verbose: Native class hierarchy populated in 0.0072 seconds. Added 3822 classes and 928 folders.
[2022.07.16-03.43.47:672][  0]LogNativeClassHierarchy: Verbose: Native class hierarchy updated for 'WidgetCarousel' in 0.0002 seconds. Added 0 classes and 0 folders.
[2022.07.16-03.43.47:673][  0]LogPakFile: PakFile PrimaryIndexSize=187
[2022.07.16-03.43.47:673][  0]LogPakFile: PakFile PathHashIndexSize=101
[2022.07.16-03.43.47:673][  0]LogPakFile: PakFile FullDirectoryIndexSize=148
[2022.07.16-03.43.47:673][  0]LogShaderLibrary: Display: ShaderCodeLibraryPakFileMountedCallback: PakFile 'D:/UE4/UE_4.27/FeaturePacks/FP_FirstPerson.upack' (chunk index -1, root 'root:/') mounted
[2022.07.16-03.43.47:673][  0]LogShaderLibrary: Display: ShaderCodeLibraryPakFileMountedCallback: pending pak file info (ChunkID:-1 Root:root:/ File:D:/UE4/UE_4.27/FeaturePacks/FP_FirstPerson.upack)
[2022.07.16-03.43.47:673][  0]LogPakFile: OnPakFileMounted2Time == 0.000042
[2022.07.16-03.43.47:673][  0]LogPakFile: PakFile PrimaryIndexSize=189
[2022.07.16-03.43.47:673][  0]LogPakFile: PakFile PathHashIndexSize=101
[2022.07.16-03.43.47:673][  0]LogPakFile: PakFile FullDirectoryIndexSize=152
[2022.07.16-03.43.47:673][  0]LogShaderLibrary: Display: ShaderCodeLibraryPakFileMountedCallback: PakFile 'D:/UE4/UE_4.27/FeaturePacks/FP_FirstPersonBP.upack' (chunk index -1, root 'root:/') mounted
[2022.07.16-03.43.47:673][  0]LogShaderLibrary: Display: ShaderCodeLibraryPakFileMountedCallback: pending pak file info (ChunkID:-1 Root:root:/ File:D:/UE4/UE_4.27/FeaturePacks/FP_FirstPersonBP.upack)
[2022.07.16-03.43.47:673][  0]LogPakFile: OnPakFileMounted2Time == 0.000030
[2022.07.16-03.43.47:674][  0]LogPakFile: PakFile PrimaryIndexSize=191
[2022.07.16-03.43.47:674][  0]LogPakFile: PakFile PathHashIndexSize=101
[2022.07.16-03.43.47:674][  0]LogPakFile: PakFile FullDirectoryIndexSize=160
[2022.07.16-03.43.47:674][  0]LogShaderLibrary: Display: ShaderCodeLibraryPakFileMountedCallback: PakFile 'D:/UE4/UE_4.27/FeaturePacks/MobileStarterContent.upack' (chunk index -1, root 'root:/') mounted
[2022.07.16-03.43.47:674][  0]LogShaderLibrary: Display: ShaderCodeLibraryPakFileMountedCallback: pending pak file info (ChunkID:-1 Root:root:/ File:D:/UE4/UE_4.27/FeaturePacks/MobileStarterContent.upack)
[2022.07.16-03.43.47:674][  0]LogPakFile: OnPakFileMounted2Time == 0.000031
[2022.07.16-03.43.47:674][  0]LogPakFile: PakFile PrimaryIndexSize=185
[2022.07.16-03.43.47:674][  0]LogPakFile: PakFile PathHashIndexSize=101
[2022.07.16-03.43.47:674][  0]LogPakFile: PakFile FullDirectoryIndexSize=148
[2022.07.16-03.43.47:674][  0]LogShaderLibrary: Display: ShaderCodeLibraryPakFileMountedCallback: PakFile 'D:/UE4/UE_4.27/FeaturePacks/StarterContent.upack' (chunk index -1, root 'root:/') mounted
[2022.07.16-03.43.47:674][  0]LogShaderLibrary: Display: ShaderCodeLibraryPakFileMountedCallback: pending pak file info (ChunkID:-1 Root:root:/ File:D:/UE4/UE_4.27/FeaturePacks/StarterContent.upack)
[2022.07.16-03.43.47:674][  0]LogPakFile: OnPakFileMounted2Time == 0.000030
[2022.07.16-03.43.47:674][  0]LogPakFile: PakFile PrimaryIndexSize=190
[2022.07.16-03.43.47:674][  0]LogPakFile: PakFile PathHashIndexSize=101
[2022.07.16-03.43.47:674][  0]LogPakFile: PakFile FullDirectoryIndexSize=154
[2022.07.16-03.43.47:674][  0]LogShaderLibrary: Display: ShaderCodeLibraryPakFileMountedCallback: PakFile 'D:/UE4/UE_4.27/FeaturePacks/TP_2DSideScroller.upack' (chunk index -1, root 'root:/') mounted
[2022.07.16-03.43.47:674][  0]LogShaderLibrary: Display: ShaderCodeLibraryPakFileMountedCallback: pending pak file info (ChunkID:-1 Root:root:/ File:D:/UE4/UE_4.27/FeaturePacks/TP_2DSideScroller.upack)
[2022.07.16-03.43.47:674][  0]LogPakFile: OnPakFileMounted2Time == 0.000026
[2022.07.16-03.43.47:675][  0]LogPakFile: PakFile PrimaryIndexSize=192
[2022.07.16-03.43.47:675][  0]LogPakFile: PakFile PathHashIndexSize=101
[2022.07.16-03.43.47:675][  0]LogPakFile: PakFile FullDirectoryIndexSize=158
[2022.07.16-03.43.47:675][  0]LogShaderLibrary: Display: ShaderCodeLibraryPakFileMountedCallback: PakFile 'D:/UE4/UE_4.27/FeaturePacks/TP_2DSideScrollerBP.upack' (chunk index -1, root 'root:/') mounted
[2022.07.16-03.43.47:675][  0]LogShaderLibrary: Display: ShaderCodeLibraryPakFileMountedCallback: pending pak file info (ChunkID:-1 Root:root:/ File:D:/UE4/UE_4.27/FeaturePacks/TP_2DSideScrollerBP.upack)
[2022.07.16-03.43.47:675][  0]LogPakFile: OnPakFileMounted2Time == 0.000026
[2022.07.16-03.43.47:675][  0]LogPakFile: PakFile PrimaryIndexSize=182
[2022.07.16-03.43.47:675][  0]LogPakFile: PakFile PathHashIndexSize=101
[2022.07.16-03.43.47:675][  0]LogPakFile: PakFile FullDirectoryIndexSize=138
[2022.07.16-03.43.47:675][  0]LogShaderLibrary: Display: ShaderCodeLibraryPakFileMountedCallback: PakFile 'D:/UE4/UE_4.27/FeaturePacks/TP_Flying.upack' (chunk index -1, root 'root:/') mounted
[2022.07.16-03.43.47:675][  0]LogShaderLibrary: Display: ShaderCodeLibraryPakFileMountedCallback: pending pak file info (ChunkID:-1 Root:root:/ File:D:/UE4/UE_4.27/FeaturePacks/TP_Flying.upack)
[2022.07.16-03.43.47:675][  0]LogPakFile: OnPakFileMounted2Time == 0.000026
[2022.07.16-03.43.47:676][  0]LogPakFile: PakFile PrimaryIndexSize=184
[2022.07.16-03.43.47:676][  0]LogPakFile: PakFile PathHashIndexSize=101
[2022.07.16-03.43.47:676][  0]LogPakFile: PakFile FullDirectoryIndexSize=142
[2022.07.16-03.43.47:676][  0]LogShaderLibrary: Display: ShaderCodeLibraryPakFileMountedCallback: PakFile 'D:/UE4/UE_4.27/FeaturePacks/TP_FlyingBP.upack' (chunk index -1, root 'root:/') mounted
[2022.07.16-03.43.47:676][  0]LogShaderLibrary: Display: ShaderCodeLibraryPakFileMountedCallback: pending pak file info (ChunkID:-1 Root:root:/ File:D:/UE4/UE_4.27/FeaturePacks/TP_FlyingBP.upack)
[2022.07.16-03.43.47:676][  0]LogPakFile: OnPakFileMounted2Time == 0.000027
[2022.07.16-03.43.47:676][  0]LogPakFile: PakFile PrimaryIndexSize=188
[2022.07.16-03.43.47:676][  0]LogPakFile: PakFile PathHashIndexSize=101
[2022.07.16-03.43.47:676][  0]LogPakFile: PakFile FullDirectoryIndexSize=150
[2022.07.16-03.43.47:676][  0]LogShaderLibrary: Display: ShaderCodeLibraryPakFileMountedCallback: PakFile 'D:/UE4/UE_4.27/FeaturePacks/TP_HandheldARBP.upack' (chunk index -1, root 'root:/') mounted
[2022.07.16-03.43.47:676][  0]LogShaderLibrary: Display: ShaderCodeLibraryPakFileMountedCallback: pending pak file info (ChunkID:-1 Root:root:/ File:D:/UE4/UE_4.27/FeaturePacks/TP_HandheldARBP.upack)
[2022.07.16-03.43.47:676][  0]LogPakFile: OnPakFileMounted2Time == 0.000030
[2022.07.16-03.43.47:677][  0]LogPakFile: PakFile PrimaryIndexSize=182
[2022.07.16-03.43.47:677][  0]LogPakFile: PakFile PathHashIndexSize=101
[2022.07.16-03.43.47:677][  0]LogPakFile: PakFile FullDirectoryIndexSize=138
[2022.07.16-03.43.47:677][  0]LogShaderLibrary: Display: ShaderCodeLibraryPakFileMountedCallback: PakFile 'D:/UE4/UE_4.27/FeaturePacks/TP_Puzzle.upack' (chunk index -1, root 'root:/') mounted
[2022.07.16-03.43.47:677][  0]LogShaderLibrary: Display: ShaderCodeLibraryPakFileMountedCallback: pending pak file info (ChunkID:-1 Root:root:/ File:D:/UE4/UE_4.27/FeaturePacks/TP_Puzzle.upack)
[2022.07.16-03.43.47:677][  0]LogPakFile: OnPakFileMounted2Time == 0.000026
[2022.07.16-03.43.47:677][  0]LogPakFile: PakFile PrimaryIndexSize=184
[2022.07.16-03.43.47:677][  0]LogPakFile: PakFile PathHashIndexSize=101
[2022.07.16-03.43.47:677][  0]LogPakFile: PakFile FullDirectoryIndexSize=142
[2022.07.16-03.43.47:677][  0]LogShaderLibrary: Display: ShaderCodeLibraryPakFileMountedCallback: PakFile 'D:/UE4/UE_4.27/FeaturePacks/TP_PuzzleBP.upack' (chunk index -1, root 'root:/') mounted
[2022.07.16-03.43.47:677][  0]LogShaderLibrary: Display: ShaderCodeLibraryPakFileMountedCallback: pending pak file info (ChunkID:-1 Root:root:/ File:D:/UE4/UE_4.27/FeaturePacks/TP_PuzzleBP.upack)
[2022.07.16-03.43.47:677][  0]LogPakFile: OnPakFileMounted2Time == 0.000027
[2022.07.16-03.43.47:678][  0]LogPakFile: PakFile PrimaryIndexSize=183
[2022.07.16-03.43.47:678][  0]LogPakFile: PakFile PathHashIndexSize=101
[2022.07.16-03.43.47:678][  0]LogPakFile: PakFile FullDirectoryIndexSize=140
[2022.07.16-03.43.47:678][  0]LogShaderLibrary: Display: ShaderCodeLibraryPakFileMountedCallback: PakFile 'D:/UE4/UE_4.27/FeaturePacks/TP_Rolling.upack' (chunk index -1, root 'root:/') mounted
[2022.07.16-03.43.47:678][  0]LogShaderLibrary: Display: ShaderCodeLibraryPakFileMountedCallback: pending pak file info (ChunkID:-1 Root:root:/ File:D:/UE4/UE_4.27/FeaturePacks/TP_Rolling.upack)
[2022.07.16-03.43.47:678][  0]LogPakFile: OnPakFileMounted2Time == 0.000025
[2022.07.16-03.43.47:678][  0]LogPakFile: PakFile PrimaryIndexSize=185
[2022.07.16-03.43.47:678][  0]LogPakFile: PakFile PathHashIndexSize=101
[2022.07.16-03.43.47:678][  0]LogPakFile: PakFile FullDirectoryIndexSize=144
[2022.07.16-03.43.47:678][  0]LogShaderLibrary: Display: ShaderCodeLibraryPakFileMountedCallback: PakFile 'D:/UE4/UE_4.27/FeaturePacks/TP_RollingBP.upack' (chunk index -1, root 'root:/') mounted
[2022.07.16-03.43.47:678][  0]LogShaderLibrary: Display: ShaderCodeLibraryPakFileMountedCallback: pending pak file info (ChunkID:-1 Root:root:/ File:D:/UE4/UE_4.27/FeaturePacks/TP_RollingBP.upack)
[2022.07.16-03.43.47:678][  0]LogPakFile: OnPakFileMounted2Time == 0.000028
[2022.07.16-03.43.47:679][  0]LogPakFile: PakFile PrimaryIndexSize=188
[2022.07.16-03.43.47:679][  0]LogPakFile: PakFile PathHashIndexSize=101
[2022.07.16-03.43.47:679][  0]LogPakFile: PakFile FullDirectoryIndexSize=150
[2022.07.16-03.43.47:679][  0]LogShaderLibrary: Display: ShaderCodeLibraryPakFileMountedCallback: PakFile 'D:/UE4/UE_4.27/FeaturePacks/TP_SideScroller.upack' (chunk index -1, root 'root:/') mounted
[2022.07.16-03.43.47:679][  0]LogShaderLibrary: Display: ShaderCodeLibraryPakFileMountedCallback: pending pak file info (ChunkID:-1 Root:root:/ File:D:/UE4/UE_4.27/FeaturePacks/TP_SideScroller.upack)
[2022.07.16-03.43.47:679][  0]LogPakFile: OnPakFileMounted2Time == 0.000026
[2022.07.16-03.43.47:679][  0]LogPakFile: PakFile PrimaryIndexSize=190
[2022.07.16-03.43.47:679][  0]LogPakFile: PakFile PathHashIndexSize=101
[2022.07.16-03.43.47:679][  0]LogPakFile: PakFile FullDirectoryIndexSize=154
[2022.07.16-03.43.47:679][  0]LogShaderLibrary: Display: ShaderCodeLibraryPakFileMountedCallback: PakFile 'D:/UE4/UE_4.27/FeaturePacks/TP_SideScrollerBP.upack' (chunk index -1, root 'root:/') mounted
[2022.07.16-03.43.47:679][  0]LogShaderLibrary: Display: ShaderCodeLibraryPakFileMountedCallback: pending pak file info (ChunkID:-1 Root:root:/ File:D:/UE4/UE_4.27/FeaturePacks/TP_SideScrollerBP.upack)
[2022.07.16-03.43.47:679][  0]LogPakFile: OnPakFileMounted2Time == 0.000030
[2022.07.16-03.43.47:680][  0]LogPakFile: PakFile PrimaryIndexSize=187
[2022.07.16-03.43.47:680][  0]LogPakFile: PakFile PathHashIndexSize=101
[2022.07.16-03.43.47:680][  0]LogPakFile: PakFile FullDirectoryIndexSize=148
[2022.07.16-03.43.47:680][  0]LogShaderLibrary: Display: ShaderCodeLibraryPakFileMountedCallback: PakFile 'D:/UE4/UE_4.27/FeaturePacks/TP_ThirdPerson.upack' (chunk index -1, root 'root:/') mounted
[2022.07.16-03.43.47:680][  0]LogShaderLibrary: Display: ShaderCodeLibraryPakFileMountedCallback: pending pak file info (ChunkID:-1 Root:root:/ File:D:/UE4/UE_4.27/FeaturePacks/TP_ThirdPerson.upack)
[2022.07.16-03.43.47:680][  0]LogPakFile: OnPakFileMounted2Time == 0.000026
[2022.07.16-03.43.47:680][  0]LogPakFile: PakFile PrimaryIndexSize=189
[2022.07.16-03.43.47:680][  0]LogPakFile: PakFile PathHashIndexSize=101
[2022.07.16-03.43.47:680][  0]LogPakFile: PakFile FullDirectoryIndexSize=152
[2022.07.16-03.43.47:680][  0]LogShaderLibrary: Display: ShaderCodeLibraryPakFileMountedCallback: PakFile 'D:/UE4/UE_4.27/FeaturePacks/TP_ThirdPersonBP.upack' (chunk index -1, root 'root:/') mounted
[2022.07.16-03.43.47:680][  0]LogShaderLibrary: Display: ShaderCodeLibraryPakFileMountedCallback: pending pak file info (ChunkID:-1 Root:root:/ File:D:/UE4/UE_4.27/FeaturePacks/TP_ThirdPersonBP.upack)
[2022.07.16-03.43.47:680][  0]LogPakFile: OnPakFileMounted2Time == 0.000026
[2022.07.16-03.43.47:680][  0]LogPakFile: PakFile PrimaryIndexSize=183
[2022.07.16-03.43.47:680][  0]LogPakFile: PakFile PathHashIndexSize=101
[2022.07.16-03.43.47:680][  0]LogPakFile: PakFile FullDirectoryIndexSize=140
[2022.07.16-03.43.47:680][  0]LogShaderLibrary: Display: ShaderCodeLibraryPakFileMountedCallback: PakFile 'D:/UE4/UE_4.27/FeaturePacks/TP_TopDown.upack' (chunk index -1, root 'root:/') mounted
[2022.07.16-03.43.47:680][  0]LogShaderLibrary: Display: ShaderCodeLibraryPakFileMountedCallback: pending pak file info (ChunkID:-1 Root:root:/ File:D:/UE4/UE_4.27/FeaturePacks/TP_TopDown.upack)
[2022.07.16-03.43.47:680][  0]LogPakFile: OnPakFileMounted2Time == 0.000030
[2022.07.16-03.43.47:681][  0]LogPakFile: PakFile PrimaryIndexSize=185
[2022.07.16-03.43.47:681][  0]LogPakFile: PakFile PathHashIndexSize=101
[2022.07.16-03.43.47:681][  0]LogPakFile: PakFile FullDirectoryIndexSize=144
[2022.07.16-03.43.47:681][  0]LogShaderLibrary: Display: ShaderCodeLibraryPakFileMountedCallback: PakFile 'D:/UE4/UE_4.27/FeaturePacks/TP_TopDownBP.upack' (chunk index -1, root 'root:/') mounted
[2022.07.16-03.43.47:681][  0]LogShaderLibrary: Display: ShaderCodeLibraryPakFileMountedCallback: pending pak file info (ChunkID:-1 Root:root:/ File:D:/UE4/UE_4.27/FeaturePacks/TP_TopDownBP.upack)
[2022.07.16-03.43.47:681][  0]LogPakFile: OnPakFileMounted2Time == 0.000026
[2022.07.16-03.43.47:681][  0]LogPakFile: PakFile PrimaryIndexSize=185
[2022.07.16-03.43.47:681][  0]LogPakFile: PakFile PathHashIndexSize=101
[2022.07.16-03.43.47:681][  0]LogPakFile: PakFile FullDirectoryIndexSize=144
[2022.07.16-03.43.47:681][  0]LogShaderLibrary: Display: ShaderCodeLibraryPakFileMountedCallback: PakFile 'D:/UE4/UE_4.27/FeaturePacks/TP_TwinStick.upack' (chunk index -1, root 'root:/') mounted
[2022.07.16-03.43.47:681][  0]LogShaderLibrary: Display: ShaderCodeLibraryPakFileMountedCallback: pending pak file info (ChunkID:-1 Root:root:/ File:D:/UE4/UE_4.27/FeaturePacks/TP_TwinStick.upack)
[2022.07.16-03.43.47:681][  0]LogPakFile: OnPakFileMounted2Time == 0.000025
[2022.07.16-03.43.47:682][  0]LogPakFile: PakFile PrimaryIndexSize=187
[2022.07.16-03.43.47:682][  0]LogPakFile: PakFile PathHashIndexSize=101
[2022.07.16-03.43.47:682][  0]LogPakFile: PakFile FullDirectoryIndexSize=148
[2022.07.16-03.43.47:682][  0]LogShaderLibrary: Display: ShaderCodeLibraryPakFileMountedCallback: PakFile 'D:/UE4/UE_4.27/FeaturePacks/TP_TwinStickBP.upack' (chunk index -1, root 'root:/') mounted
[2022.07.16-03.43.47:682][  0]LogShaderLibrary: Display: ShaderCodeLibraryPakFileMountedCallback: pending pak file info (ChunkID:-1 Root:root:/ File:D:/UE4/UE_4.27/FeaturePacks/TP_TwinStickBP.upack)
[2022.07.16-03.43.47:682][  0]LogPakFile: OnPakFileMounted2Time == 0.000026
[2022.07.16-03.43.47:682][  0]LogPakFile: PakFile PrimaryIndexSize=183
[2022.07.16-03.43.47:682][  0]LogPakFile: PakFile PathHashIndexSize=101
[2022.07.16-03.43.47:682][  0]LogPakFile: PakFile FullDirectoryIndexSize=140
[2022.07.16-03.43.47:682][  0]LogShaderLibrary: Display: ShaderCodeLibraryPakFileMountedCallback: PakFile 'D:/UE4/UE_4.27/FeaturePacks/TP_Vehicle.upack' (chunk index -1, root 'root:/') mounted
[2022.07.16-03.43.47:682][  0]LogShaderLibrary: Display: ShaderCodeLibraryPakFileMountedCallback: pending pak file info (ChunkID:-1 Root:root:/ File:D:/UE4/UE_4.27/FeaturePacks/TP_Vehicle.upack)
[2022.07.16-03.43.47:682][  0]LogPakFile: OnPakFileMounted2Time == 0.000026
[2022.07.16-03.43.47:683][  0]LogPakFile: PakFile PrimaryIndexSize=186
[2022.07.16-03.43.47:683][  0]LogPakFile: PakFile PathHashIndexSize=101
[2022.07.16-03.43.47:683][  0]LogPakFile: PakFile FullDirectoryIndexSize=146
[2022.07.16-03.43.47:683][  0]LogShaderLibrary: Display: ShaderCodeLibraryPakFileMountedCallback: PakFile 'D:/UE4/UE_4.27/FeaturePacks/TP_VehicleAdv.upack' (chunk index -1, root 'root:/') mounted
[2022.07.16-03.43.47:683][  0]LogShaderLibrary: Display: ShaderCodeLibraryPakFileMountedCallback: pending pak file info (ChunkID:-1 Root:root:/ File:D:/UE4/UE_4.27/FeaturePacks/TP_VehicleAdv.upack)
[2022.07.16-03.43.47:683][  0]LogPakFile: OnPakFileMounted2Time == 0.000027
[2022.07.16-03.43.47:683][  0]LogPakFile: PakFile PrimaryIndexSize=188
[2022.07.16-03.43.47:683][  0]LogPakFile: PakFile PathHashIndexSize=101
[2022.07.16-03.43.47:683][  0]LogPakFile: PakFile FullDirectoryIndexSize=150
[2022.07.16-03.43.47:683][  0]LogShaderLibrary: Display: ShaderCodeLibraryPakFileMountedCallback: PakFile 'D:/UE4/UE_4.27/FeaturePacks/TP_VehicleAdvBP.upack' (chunk index -1, root 'root:/') mounted
[2022.07.16-03.43.47:683][  0]LogShaderLibrary: Display: ShaderCodeLibraryPakFileMountedCallback: pending pak file info (ChunkID:-1 Root:root:/ File:D:/UE4/UE_4.27/FeaturePacks/TP_VehicleAdvBP.upack)
[2022.07.16-03.43.47:683][  0]LogPakFile: OnPakFileMounted2Time == 0.000026
[2022.07.16-03.43.47:684][  0]LogPakFile: PakFile PrimaryIndexSize=185
[2022.07.16-03.43.47:684][  0]LogPakFile: PakFile PathHashIndexSize=101
[2022.07.16-03.43.47:684][  0]LogPakFile: PakFile FullDirectoryIndexSize=144
[2022.07.16-03.43.47:684][  0]LogShaderLibrary: Display: ShaderCodeLibraryPakFileMountedCallback: PakFile 'D:/UE4/UE_4.27/FeaturePacks/TP_VehicleBP.upack' (chunk index -1, root 'root:/') mounted
[2022.07.16-03.43.47:684][  0]LogShaderLibrary: Display: ShaderCodeLibraryPakFileMountedCallback: pending pak file info (ChunkID:-1 Root:root:/ File:D:/UE4/UE_4.27/FeaturePacks/TP_VehicleBP.upack)
[2022.07.16-03.43.47:684][  0]LogPakFile: OnPakFileMounted2Time == 0.000027
[2022.07.16-03.43.47:684][  0]LogPakFile: PakFile PrimaryIndexSize=192
[2022.07.16-03.43.47:684][  0]LogPakFile: PakFile PathHashIndexSize=101
[2022.07.16-03.43.47:684][  0]LogPakFile: PakFile FullDirectoryIndexSize=158
[2022.07.16-03.43.47:684][  0]LogShaderLibrary: Display: ShaderCodeLibraryPakFileMountedCallback: PakFile 'D:/UE4/UE_4.27/FeaturePacks/TP_VirtualRealityBP.upack' (chunk index -1, root 'root:/') mounted
[2022.07.16-03.43.47:684][  0]LogShaderLibrary: Display: ShaderCodeLibraryPakFileMountedCallback: pending pak file info (ChunkID:-1 Root:root:/ File:D:/UE4/UE_4.27/FeaturePacks/TP_VirtualRealityBP.upack)
[2022.07.16-03.43.47:684][  0]LogPakFile: OnPakFileMounted2Time == 0.000027
[2022.07.16-03.43.47:716][  0]LogNativeClassHierarchy: Verbose: Native class hierarchy updated for 'AddContentDialog' in 0.0002 seconds. Added 0 classes and 0 folders.
[2022.07.16-03.43.47:964][  0]LogSlate: Only BGRA pngs, bmps or icos are supported in by External Image Picker
[2022.07.16-03.43.48:036][  0]LogSlate: Took 0.000105 seconds to synchronously load lazily loaded font '../../../Engine/Content/Slate/Fonts/Roboto-Regular.ttf' (155K)
[2022.07.16-03.43.48:037][  0]LogSlate: Took 0.000104 seconds to synchronously load lazily loaded font '../../../Engine/Content/Editor/Slate/Fonts/FontAwesome.ttf' (139K)
[2022.07.16-03.43.48:039][  0]LogSlate: Took 0.000109 seconds to synchronously load lazily loaded font '../../../Engine/Content/Slate/Fonts/Roboto-Bold.ttf' (160K)
[2022.07.16-03.43.48:040][  0]LogSlate: Took 0.000083 seconds to synchronously load lazily loaded font '../../../Engine/Content/Slate/Fonts/DroidSansMono.ttf' (77K)
[2022.07.16-03.43.48:134][  0]LogRenderer: Reallocating scene render targets to support 1488x808 Format 10 NumSamples 1 (Frame:1).
[2022.07.16-03.43.48:193][  0]LogNativeClassHierarchy: Verbose: Native class hierarchy updated for 'HierarchicalLODOutliner' in 0.0002 seconds. Added 0 classes and 0 folders.
[2022.07.16-03.43.48:193][  0]LogInput: Warning: Action Jump uses invalid key OculusGo_Left_Trigger_Click.
[2022.07.16-03.43.48:193][  0]LogInput: Warning: Action ResetVR uses invalid key OculusGo_Left_Trackpad_Click.
[2022.07.16-03.43.48:193][  0]LogInput: Warning: Use -RemoveInvalidKeys to remove instances of these keys from the action mapping.
[2022.07.16-03.43.48:193][  0]LogLoad: (Engine Initialization) Total time: 6.25 seconds
[2022.07.16-03.43.48:193][  0]LogLoad: (Engine Initialization) Total Blueprint compile time: 0.00 seconds
[2022.07.16-03.43.48:241][  0]LogAssetRegistry: Asset discovery search completed in 3.6463 seconds
[2022.07.16-03.43.48:245][  0]LogCollectionManager: Fixed up redirectors for 0 collections in 0.000002 seconds (updated 0 objects)
[2022.07.16-03.43.48:246][  0]LogContentStreaming: Texture pool size now 1000 MB
[2022.07.16-03.43.49:562][ 28]LogSlate: Took 0.000130 seconds to synchronously load lazily loaded font '../../../Engine/Content/Slate/Fonts/Roboto-Light.ttf' (167K)
[2022.07.16-03.45.34:385][401]LogUObjectHash: Compacting FUObjectHashTables data took   0.55ms
[2022.07.16-03.45.36:198][401]LogSlate: Window 'Delete Assets' being destroyed
[2022.07.16-03.45.36:315][401]LogUObjectHash: Compacting FUObjectHashTables data took   0.48ms
[2022.07.16-03.45.36:330][401]LogUObjectHash: Compacting FUObjectHashTables data took   0.48ms
[2022.07.16-03.45.36:333][401]LogUObjectHash: Compacting FUObjectHashTables data took   0.20ms
[2022.07.16-03.45.36:454][401]SourceControl: Error: Updated 0 paths from the index
[2022.07.16-03.45.36:563][401]SourceControl: rm 'Content/BP/EngineerGame/PilotGame.uasset'
[2022.07.16-03.45.48:394][653]LogEditorClassViewer: Warning: Class /Engine/Tutorial/InWorldBlueprintEditing/TutorialAssets/IWBE_Blutility.IWBE_Blutility_C has parent /Script/Blutility.PlacedEditorUtilityBase, but this parent is not found. The Class will not be shown in ClassViewer.
[2022.07.16-03.45.55:351][653]LogSlate: Window 'Pick Parent Class' being destroyed
[2022.07.16-03.45.55:356][653]LogContentBrowser: Deferred new asset file creation: NewBlueprint
[2022.07.16-03.45.55:361][653]LogContentBrowser: Creating deferred item: NewBlueprint
[2022.07.16-03.46.00:863][300]LogContentBrowser: Attempting asset rename: NewBlueprint -> EngineerGame
[2022.07.16-03.46.00:920][300]LogContentBrowser: End creating deferred item NewBlueprint
[2022.07.16-03.46.03:111][540]LogAssetEditorSubsystem: Opening Asset editor for Blueprint /Game/BP/EngineerGame/EngineerGame.EngineerGame
[2022.07.16-03.46.03:338][540]LogNativeClassHierarchy: Verbose: Native class hierarchy updated for 'BlueprintGraph' in 0.0004 seconds. Added 126 classes and 0 folders.
[2022.07.16-03.46.03:990][540]LogRenderer: Reallocating scene render targets to support 1528x1000 Format 10 NumSamples 1 (Frame:1).
[2022.07.16-03.46.05:350][672]Cmd: OBJ SAVEPACKAGE PACKAGE="/Game/BP/EngineerGame/EngineerGame" FILE="C:/Users/dchuntes/Documents/GMTKJam/GMTK_Gamejam_2022/Content/BP/EngineerGame/EngineerGame.uasset" SILENT=true
[2022.07.16-03.46.05:354][672]LogSavePackage: Moving 'C:/Users/dchuntes/Documents/GMTKJam/GMTK_Gamejam_2022/Saved/EngineerGame38CC53264A126B98F59A1499D3E3289C.tmp' to 'C:/Users/dchuntes/Documents/GMTKJam/GMTK_Gamejam_2022/Content/BP/EngineerGame/EngineerGame.uasset'
[2022.07.16-03.46.05:448][672]AssetCheck: New page: Asset Save: EngineerGame
[2022.07.16-03.46.05:448][672]LogContentValidation: Display: Validating Blueprint /Game/BP/EngineerGame/EngineerGame.EngineerGame
[2022.07.16-03.46.05:865][712]LogSlate: Took 0.000129 seconds to synchronously load lazily loaded font '../../../Engine/Content/Slate/Fonts/Roboto-Italic.ttf' (157K)
[2022.07.16-03.46.07:465][897]LogSlate: Window 'EngineerGame' being destroyed
[2022.07.16-03.46.07:470][897]LogWorld: UWorld::CleanupWorld for World_3, bSessionEnded=true, bCleanupResources=true
[2022.07.16-03.46.07:470][897]LogSlate: InvalidateAllWidgets triggered.  All widgets were invalidated
